0 verbose cli D:\software\nodejs\node.exe D:\software\nodejs\node_modules\npm\bin\npm-cli.js
1 info using npm@9.5.0
2 info using node@v18.14.2
3 timing npm:load:whichnode Completed in 1ms
4 timing config:load:defaults Completed in 2ms
5 timing config:load:file:D:\software\nodejs\node_modules\npm\npmrc Completed in 1ms
6 timing config:load:builtin Completed in 1ms
7 timing config:load:cli Completed in 2ms
8 timing config:load:env Completed in 1ms
9 timing config:load:project Completed in 0ms
10 timing config:load:file:C:\Users\Echo\.npmrc Completed in 0ms
11 timing config:load:user Completed in 1ms
12 timing config:load:file:D:\software\nodejs\node_global\etc\npmrc Completed in 0ms
13 timing config:load:global Completed in 0ms
14 timing config:load:setEnvs Completed in 1ms
15 timing config:load Completed in 9ms
16 timing npm:load:configload Completed in 9ms
17 timing npm:load:mkdirpcache Completed in 1ms
18 timing npm:load:mkdirplogs Completed in 0ms
19 verbose title npm install hexo-cli
20 verbose argv "install" "--global" "hexo-cli"
21 timing npm:load:setTitle Completed in 1ms
22 timing config:load:flatten Completed in 3ms
23 timing npm:load:display Completed in 3ms
24 verbose logfile logs-max:10 dir:D:\software\nodejs\node_cache\_logs\2023-02-28T07_00_47_675Z-
25 verbose logfile D:\software\nodejs\node_cache\_logs\2023-02-28T07_00_47_675Z-debug-0.log
26 timing npm:load:logFile Completed in 5ms
27 timing npm:load:timers Completed in 0ms
28 timing npm:load:configScope Completed in 0ms
29 timing npm:load Completed in 20ms
30 timing config:load:flatten Completed in 1ms
31 timing arborist:ctor Completed in 0ms
32 silly logfile start cleaning logs, removing 1 files
33 silly logfile done cleaning log files
34 timing idealTree:init Completed in 5ms
35 timing idealTree:userRequests Completed in 3ms
36 silly idealTree buildDeps
37 silly fetch manifest hexo-cli@*
38 http fetch GET 200 https://registry.npmjs.org/hexo-cli 16ms (cache hit)
39 silly placeDep ROOT hexo-cli@4.3.0 OK for:  want: *
40 silly fetch manifest abbrev@^1.1.1
41 silly fetch manifest bluebird@^3.5.5
42 silly fetch manifest chalk@^4.0.0
43 silly fetch manifest command-exists@^1.2.8
44 silly fetch manifest hexo-fs@^3.0.1
45 silly fetch manifest hexo-log@^2.0.0
46 silly fetch manifest hexo-util@^2.0.0
47 silly fetch manifest minimist@^1.2.5
48 silly fetch manifest resolve@^1.11.0
49 silly fetch manifest tildify@^2.0.0
50 http fetch GET 200 https://registry.npmjs.org/chalk 21ms (cache hit)
51 http fetch GET 200 https://registry.npmjs.org/command-exists 24ms (cache hit)
52 http fetch GET 200 https://registry.npmjs.org/minimist 22ms (cache hit)
53 http fetch GET 200 https://registry.npmjs.org/abbrev 27ms (cache hit)
54 http fetch GET 200 https://registry.npmjs.org/bluebird 27ms (cache hit)
55 http fetch GET 200 https://registry.npmjs.org/hexo-fs 27ms (cache hit)
56 http fetch GET 200 https://registry.npmjs.org/hexo-util 29ms (cache hit)
57 http fetch GET 200 https://registry.npmjs.org/hexo-log 30ms (cache hit)
58 http fetch GET 200 https://registry.npmjs.org/resolve 30ms (cache hit)
59 http fetch GET 200 https://registry.npmjs.org/tildify 30ms (cache hit)
60 timing idealTree:#root Completed in 62ms
61 silly placeDep node_modules/hexo-cli abbrev@1.1.1 OK for: hexo-cli@4.3.0 want: ^1.1.1
62 silly placeDep node_modules/hexo-cli bluebird@3.7.2 OK for: hexo-cli@4.3.0 want: ^3.5.5
63 silly placeDep node_modules/hexo-cli chalk@4.1.2 OK for: hexo-cli@4.3.0 want: ^4.0.0
64 silly placeDep node_modules/hexo-cli command-exists@1.2.9 OK for: hexo-cli@4.3.0 want: ^1.2.8
65 silly placeDep node_modules/hexo-cli hexo-fs@3.1.0 OK for: hexo-cli@4.3.0 want: ^3.0.1
66 silly placeDep node_modules/hexo-cli hexo-log@2.0.0 OK for: hexo-cli@4.3.0 want: ^2.0.0
67 silly placeDep node_modules/hexo-cli hexo-util@2.7.0 OK for: hexo-cli@4.3.0 want: ^2.0.0
68 silly placeDep node_modules/hexo-cli minimist@1.2.8 OK for: hexo-cli@4.3.0 want: ^1.2.5
69 silly placeDep node_modules/hexo-cli resolve@1.22.1 OK for: hexo-cli@4.3.0 want: ^1.11.0
70 silly placeDep node_modules/hexo-cli tildify@2.0.0 OK for: hexo-cli@4.3.0 want: ^2.0.0
71 silly fetch manifest ansi-styles@^4.1.0
72 silly fetch manifest supports-color@^7.1.0
73 silly fetch manifest chokidar@^3.0.0
74 silly fetch manifest graceful-fs@^4.1.11
75 silly fetch manifest camel-case@^4.0.0
76 silly fetch manifest cross-spawn@^7.0.0
77 silly fetch manifest deepmerge@^4.2.2
78 silly fetch manifest highlight.js@^11.0.1
79 silly fetch manifest htmlparser2@^7.0.0
80 silly fetch manifest prismjs@^1.17.1
81 silly fetch manifest strip-indent@^3.0.0
82 silly fetch manifest is-core-module@^2.9.0
83 silly fetch manifest path-parse@^1.0.7
84 silly fetch manifest supports-preserve-symlinks-flag@^1.0.0
85 http fetch GET 200 https://registry.npmjs.org/ansi-styles 27ms (cache hit)
86 http fetch GET 200 https://registry.npmjs.org/graceful-fs 26ms (cache hit)
87 http fetch GET 200 https://registry.npmjs.org/chokidar 28ms (cache hit)
88 http fetch GET 200 https://registry.npmjs.org/supports-color 29ms (cache hit)
89 http fetch GET 200 https://registry.npmjs.org/deepmerge 28ms (cache hit)
90 http fetch GET 200 https://registry.npmjs.org/highlight.js 29ms (cache hit)
91 http fetch GET 200 https://registry.npmjs.org/camel-case 31ms (cache hit)
92 http fetch GET 200 https://registry.npmjs.org/cross-spawn 32ms (cache hit)
93 http fetch GET 200 https://registry.npmjs.org/prismjs 31ms (cache hit)
94 http fetch GET 200 https://registry.npmjs.org/htmlparser2 32ms (cache hit)
95 http fetch GET 200 https://registry.npmjs.org/is-core-module 31ms (cache hit)
96 http fetch GET 200 https://registry.npmjs.org/supports-preserve-symlinks-flag 31ms (cache hit)
97 http fetch GET 200 https://registry.npmjs.org/strip-indent 33ms (cache hit)
98 http fetch GET 200 https://registry.npmjs.org/path-parse 33ms (cache hit)
99 timing idealTree:node_modules/hexo-cli Completed in 52ms
100 timing idealTree:node_modules/hexo-cli/node_modules/abbrev Completed in 0ms
101 timing idealTree:node_modules/hexo-cli/node_modules/bluebird Completed in 0ms
102 silly placeDep node_modules/hexo-cli ansi-styles@4.3.0 OK for: chalk@4.1.2 want: ^4.1.0
103 silly placeDep node_modules/hexo-cli supports-color@7.2.0 OK for: chalk@4.1.2 want: ^7.1.0
104 silly fetch manifest color-convert@^2.0.1
105 silly fetch manifest has-flag@^4.0.0
106 http fetch GET 200 https://registry.npmjs.org/has-flag 6ms (cache hit)
107 http fetch GET 200 https://registry.npmjs.org/color-convert 7ms (cache hit)
108 timing idealTree:node_modules/hexo-cli/node_modules/chalk Completed in 11ms
109 silly placeDep node_modules/hexo-cli color-convert@2.0.1 OK for: ansi-styles@4.3.0 want: ^2.0.1
110 silly fetch manifest color-name@~1.1.4
111 http fetch GET 200 https://registry.npmjs.org/color-name 3ms (cache hit)
112 timing idealTree:node_modules/hexo-cli/node_modules/ansi-styles Completed in 5ms
113 silly placeDep node_modules/hexo-cli color-name@1.1.4 OK for: color-convert@2.0.1 want: ~1.1.4
114 timing idealTree:node_modules/hexo-cli/node_modules/color-convert Completed in 1ms
115 timing idealTree:node_modules/hexo-cli/node_modules/color-name Completed in 0ms
116 timing idealTree:node_modules/hexo-cli/node_modules/command-exists Completed in 0ms
117 silly placeDep node_modules/hexo-cli chokidar@3.5.3 OK for: hexo-fs@3.1.0 want: ^3.0.0
118 silly placeDep node_modules/hexo-cli graceful-fs@4.2.10 OK for: hexo-fs@3.1.0 want: ^4.1.11
119 silly fetch manifest anymatch@~3.1.2
120 silly fetch manifest braces@~3.0.2
121 silly fetch manifest glob-parent@~5.1.2
122 silly fetch manifest is-binary-path@~2.1.0
123 silly fetch manifest is-glob@~4.0.1
124 silly fetch manifest normalize-path@~3.0.0
125 silly fetch manifest readdirp@~3.6.0
126 silly fetch manifest fsevents@~2.3.2
127 http fetch GET 200 https://registry.npmjs.org/anymatch 18ms (cache hit)
128 http fetch GET 200 https://registry.npmjs.org/is-binary-path 16ms (cache hit)
129 http fetch GET 200 https://registry.npmjs.org/braces 19ms (cache hit)
130 http fetch GET 200 https://registry.npmjs.org/glob-parent 18ms (cache hit)
131 http fetch GET 200 https://registry.npmjs.org/is-glob 18ms (cache hit)
132 http fetch GET 200 https://registry.npmjs.org/readdirp 17ms (cache hit)
133 http fetch GET 200 https://registry.npmjs.org/fsevents 17ms (cache hit)
134 http fetch GET 200 https://registry.npmjs.org/normalize-path 19ms (cache hit)
135 timing idealTree:node_modules/hexo-cli/node_modules/hexo-fs Completed in 24ms
136 silly placeDep node_modules/hexo-cli anymatch@3.1.3 OK for: chokidar@3.5.3 want: ~3.1.2
137 silly placeDep node_modules/hexo-cli braces@3.0.2 OK for: chokidar@3.5.3 want: ~3.0.2
138 silly placeDep node_modules/hexo-cli fsevents@2.3.2 OK for: chokidar@3.5.3 want: ~2.3.2
139 silly placeDep node_modules/hexo-cli glob-parent@5.1.2 OK for: chokidar@3.5.3 want: ~5.1.2
140 silly placeDep node_modules/hexo-cli is-binary-path@2.1.0 OK for: chokidar@3.5.3 want: ~2.1.0
141 silly placeDep node_modules/hexo-cli is-glob@4.0.3 OK for: chokidar@3.5.3 want: ~4.0.1
142 silly placeDep node_modules/hexo-cli normalize-path@3.0.0 OK for: chokidar@3.5.3 want: ~3.0.0
143 silly placeDep node_modules/hexo-cli readdirp@3.6.0 OK for: chokidar@3.5.3 want: ~3.6.0
144 silly fetch manifest picomatch@^2.0.4
145 silly fetch manifest fill-range@^7.0.1
146 silly fetch manifest binary-extensions@^2.0.0
147 silly fetch manifest is-extglob@^2.1.1
148 silly fetch manifest picomatch@^2.2.1
149 http fetch GET 200 https://registry.npmjs.org/fill-range 20ms (cache hit)
150 http fetch GET 200 https://registry.npmjs.org/binary-extensions 22ms (cache hit)
151 http fetch GET 200 https://registry.npmjs.org/picomatch 24ms (cache hit)
152 http fetch GET 200 https://registry.npmjs.org/is-extglob 22ms (cache hit)
153 http fetch GET 200 https://registry.npmjs.org/picomatch 22ms (cache hit)
154 timing idealTree:node_modules/hexo-cli/node_modules/chokidar Completed in 32ms
155 silly placeDep node_modules/hexo-cli picomatch@2.3.1 OK for: anymatch@3.1.3 want: ^2.0.4
156 timing idealTree:node_modules/hexo-cli/node_modules/anymatch Completed in 1ms
157 silly placeDep node_modules/hexo-cli fill-range@7.0.1 OK for: braces@3.0.2 want: ^7.0.1
158 silly fetch manifest to-regex-range@^5.0.1
159 http fetch GET 200 https://registry.npmjs.org/to-regex-range 4ms (cache hit)
160 timing idealTree:node_modules/hexo-cli/node_modules/braces Completed in 5ms
161 silly placeDep node_modules/hexo-cli to-regex-range@5.0.1 OK for: fill-range@7.0.1 want: ^5.0.1
162 silly fetch manifest is-number@^7.0.0
163 http fetch GET 200 https://registry.npmjs.org/is-number 4ms (cache hit)
164 timing idealTree:node_modules/hexo-cli/node_modules/fill-range Completed in 6ms
165 timing idealTree:node_modules/hexo-cli/node_modules/fsevents Completed in 0ms
166 timing idealTree:node_modules/hexo-cli/node_modules/glob-parent Completed in 0ms
167 timing idealTree:node_modules/hexo-cli/node_modules/graceful-fs Completed in 0ms
168 timing idealTree:node_modules/hexo-cli/node_modules/hexo-log Completed in 0ms
169 silly placeDep node_modules/hexo-cli camel-case@4.1.2 OK for: hexo-util@2.7.0 want: ^4.0.0
170 silly placeDep node_modules/hexo-cli cross-spawn@7.0.3 OK for: hexo-util@2.7.0 want: ^7.0.0
171 silly placeDep node_modules/hexo-cli deepmerge@4.3.0 OK for: hexo-util@2.7.0 want: ^4.2.2
172 silly placeDep node_modules/hexo-cli highlight.js@11.7.0 OK for: hexo-util@2.7.0 want: ^11.0.1
173 silly placeDep node_modules/hexo-cli htmlparser2@7.2.0 OK for: hexo-util@2.7.0 want: ^7.0.0
174 silly placeDep node_modules/hexo-cli prismjs@1.29.0 OK for: hexo-util@2.7.0 want: ^1.17.1
175 silly placeDep node_modules/hexo-cli strip-indent@3.0.0 OK for: hexo-util@2.7.0 want: ^3.0.0
176 silly fetch manifest pascal-case@^3.1.2
177 silly fetch manifest tslib@^2.0.3
178 silly fetch manifest path-key@^3.1.0
179 silly fetch manifest shebang-command@^2.0.0
180 silly fetch manifest which@^2.0.1
181 silly fetch manifest domelementtype@^2.0.1
182 silly fetch manifest domhandler@^4.2.2
183 silly fetch manifest domutils@^2.8.0
184 silly fetch manifest entities@^3.0.1
185 silly fetch manifest min-indent@^1.0.0
186 http fetch GET 200 https://registry.npmjs.org/pascal-case 22ms (cache hit)
187 http fetch GET 200 https://registry.npmjs.org/tslib 23ms (cache hit)
188 http fetch GET 200 https://registry.npmjs.org/shebang-command 20ms (cache hit)
189 http fetch GET 200 https://registry.npmjs.org/which 19ms (cache hit)
190 http fetch GET 200 https://registry.npmjs.org/path-key 23ms (cache hit)
191 http fetch GET 200 https://registry.npmjs.org/domelementtype 21ms (cache hit)
192 http fetch GET 200 https://registry.npmjs.org/domhandler 20ms (cache hit)
193 http fetch GET 200 https://registry.npmjs.org/domutils 21ms (cache hit)
194 http fetch GET 200 https://registry.npmjs.org/min-indent 21ms (cache hit)
195 http fetch GET 200 https://registry.npmjs.org/entities 21ms (cache hit)
196 timing idealTree:node_modules/hexo-cli/node_modules/hexo-util Completed in 36ms
197 silly placeDep node_modules/hexo-cli pascal-case@3.1.2 OK for: camel-case@4.1.2 want: ^3.1.2
198 silly placeDep node_modules/hexo-cli tslib@2.5.0 OK for: camel-case@4.1.2 want: ^2.0.3
199 silly fetch manifest no-case@^3.0.4
200 http fetch GET 200 https://registry.npmjs.org/no-case 6ms (cache hit)
201 timing idealTree:node_modules/hexo-cli/node_modules/camel-case Completed in 9ms
202 silly placeDep node_modules/hexo-cli path-key@3.1.1 OK for: cross-spawn@7.0.3 want: ^3.1.0
203 silly placeDep node_modules/hexo-cli shebang-command@2.0.0 OK for: cross-spawn@7.0.3 want: ^2.0.0
204 silly placeDep node_modules/hexo-cli which@2.0.2 OK for: cross-spawn@7.0.3 want: ^2.0.1
205 silly fetch manifest shebang-regex@^3.0.0
206 silly fetch manifest isexe@^2.0.0
207 http fetch GET 200 https://registry.npmjs.org/isexe 5ms (cache hit)
208 http fetch GET 200 https://registry.npmjs.org/shebang-regex 6ms (cache hit)
209 timing idealTree:node_modules/hexo-cli/node_modules/cross-spawn Completed in 8ms
210 timing idealTree:node_modules/hexo-cli/node_modules/deepmerge Completed in 0ms
211 timing idealTree:node_modules/hexo-cli/node_modules/highlight.js Completed in 0ms
212 silly placeDep node_modules/hexo-cli domelementtype@2.3.0 OK for: htmlparser2@7.2.0 want: ^2.0.1
213 silly placeDep node_modules/hexo-cli domhandler@4.3.1 OK for: htmlparser2@7.2.0 want: ^4.2.2
214 silly placeDep node_modules/hexo-cli domutils@2.8.0 OK for: htmlparser2@7.2.0 want: ^2.8.0
215 silly placeDep node_modules/hexo-cli entities@3.0.1 OK for: htmlparser2@7.2.0 want: ^3.0.1
216 silly fetch manifest dom-serializer@^1.0.1
217 http fetch GET 200 https://registry.npmjs.org/dom-serializer 4ms (cache hit)
218 timing idealTree:node_modules/hexo-cli/node_modules/htmlparser2 Completed in 8ms
219 timing idealTree:node_modules/hexo-cli/node_modules/domelementtype Completed in 0ms
220 timing idealTree:node_modules/hexo-cli/node_modules/domhandler Completed in 0ms
221 silly placeDep node_modules/hexo-cli dom-serializer@1.4.1 OK for: domutils@2.8.0 want: ^1.0.1
222 silly fetch manifest entities@^2.0.0
223 timing idealTree:node_modules/hexo-cli/node_modules/domutils Completed in 1ms
224 silly placeDep node_modules/hexo-cli/node_modules/dom-serializer entities@2.2.0 OK for: dom-serializer@1.4.1 want: ^2.0.0
225 timing idealTree:node_modules/hexo-cli/node_modules/dom-serializer Completed in 2ms
226 timing idealTree:node_modules/hexo-cli/node_modules/entities Completed in 0ms
227 silly placeDep node_modules/hexo-cli binary-extensions@2.2.0 OK for: is-binary-path@2.1.0 want: ^2.0.0
228 timing idealTree:node_modules/hexo-cli/node_modules/is-binary-path Completed in 1ms
229 timing idealTree:node_modules/hexo-cli/node_modules/binary-extensions Completed in 0ms
230 silly placeDep node_modules/hexo-cli is-extglob@2.1.1 OK for: is-glob@4.0.3 want: ^2.1.1
231 timing idealTree:node_modules/hexo-cli/node_modules/is-glob Completed in 0ms
232 timing idealTree:node_modules/hexo-cli/node_modules/is-extglob Completed in 0ms
233 timing idealTree:node_modules/hexo-cli/node_modules/minimist Completed in 0ms
234 timing idealTree:node_modules/hexo-cli/node_modules/normalize-path Completed in 0ms
235 silly placeDep node_modules/hexo-cli no-case@3.0.4 OK for: pascal-case@3.1.2 want: ^3.0.4
236 silly fetch manifest lower-case@^2.0.2
237 http fetch GET 200 https://registry.npmjs.org/lower-case 4ms (cache hit)
238 timing idealTree:node_modules/hexo-cli/node_modules/pascal-case Completed in 5ms
239 silly placeDep node_modules/hexo-cli lower-case@2.0.2 OK for: no-case@3.0.4 want: ^2.0.2
240 timing idealTree:node_modules/hexo-cli/node_modules/no-case Completed in 0ms
241 timing idealTree:node_modules/hexo-cli/node_modules/lower-case Completed in 0ms
242 timing idealTree:node_modules/hexo-cli/node_modules/path-key Completed in 0ms
243 timing idealTree:node_modules/hexo-cli/node_modules/picomatch Completed in 0ms
244 timing idealTree:node_modules/hexo-cli/node_modules/prismjs Completed in 0ms
245 timing idealTree:node_modules/hexo-cli/node_modules/readdirp Completed in 0ms
246 silly placeDep node_modules/hexo-cli is-core-module@2.11.0 OK for: resolve@1.22.1 want: ^2.9.0
247 silly placeDep node_modules/hexo-cli path-parse@1.0.7 OK for: resolve@1.22.1 want: ^1.0.7
248 silly placeDep node_modules/hexo-cli supports-preserve-symlinks-flag@1.0.0 OK for: resolve@1.22.1 want: ^1.0.0
249 silly fetch manifest has@^1.0.3
250 http fetch GET 200 https://registry.npmjs.org/has 3ms (cache hit)
251 timing idealTree:node_modules/hexo-cli/node_modules/resolve Completed in 7ms
252 silly placeDep node_modules/hexo-cli has@1.0.3 OK for: is-core-module@2.11.0 want: ^1.0.3
253 silly fetch manifest function-bind@^1.1.1
254 http fetch GET 200 https://registry.npmjs.org/function-bind 6ms (cache hit)
255 timing idealTree:node_modules/hexo-cli/node_modules/is-core-module Completed in 7ms
256 silly placeDep node_modules/hexo-cli function-bind@1.1.1 OK for: has@1.0.3 want: ^1.1.1
257 timing idealTree:node_modules/hexo-cli/node_modules/has Completed in 1ms
258 timing idealTree:node_modules/hexo-cli/node_modules/function-bind Completed in 0ms
259 timing idealTree:node_modules/hexo-cli/node_modules/path-parse Completed in 0ms
260 silly placeDep node_modules/hexo-cli shebang-regex@3.0.0 OK for: shebang-command@2.0.0 want: ^3.0.0
261 timing idealTree:node_modules/hexo-cli/node_modules/shebang-command Completed in 1ms
262 timing idealTree:node_modules/hexo-cli/node_modules/shebang-regex Completed in 0ms
263 silly placeDep node_modules/hexo-cli min-indent@1.0.1 OK for: strip-indent@3.0.0 want: ^1.0.0
264 timing idealTree:node_modules/hexo-cli/node_modules/strip-indent Completed in 1ms
265 timing idealTree:node_modules/hexo-cli/node_modules/min-indent Completed in 0ms
266 silly placeDep node_modules/hexo-cli has-flag@4.0.0 OK for: supports-color@7.2.0 want: ^4.0.0
267 timing idealTree:node_modules/hexo-cli/node_modules/supports-color Completed in 0ms
268 timing idealTree:node_modules/hexo-cli/node_modules/has-flag Completed in 0ms
269 timing idealTree:node_modules/hexo-cli/node_modules/supports-preserve-symlinks-flag Completed in 0ms
270 timing idealTree:node_modules/hexo-cli/node_modules/tildify Completed in 0ms
271 silly placeDep node_modules/hexo-cli is-number@7.0.0 OK for: to-regex-range@5.0.1 want: ^7.0.0
272 timing idealTree:node_modules/hexo-cli/node_modules/to-regex-range Completed in 0ms
273 timing idealTree:node_modules/hexo-cli/node_modules/is-number Completed in 0ms
274 timing idealTree:node_modules/hexo-cli/node_modules/tslib Completed in 0ms
275 silly placeDep node_modules/hexo-cli isexe@2.0.0 OK for: which@2.0.2 want: ^2.0.0
276 timing idealTree:node_modules/hexo-cli/node_modules/which Completed in 1ms
277 timing idealTree:node_modules/hexo-cli/node_modules/isexe Completed in 0ms
278 timing idealTree:node_modules/hexo-cli/node_modules/dom-serializer/node_modules/entities Completed in 0ms
279 timing idealTree:buildDeps Completed in 296ms
280 timing idealTree:fixDepFlags Completed in 1ms
281 timing idealTree Completed in 307ms
282 timing reify:loadTrees Completed in 335ms
283 timing reify:diffTrees Completed in 5ms
284 silly reify mark retired [
284 silly reify   'D:\\software\\nodejs\\node_global\\node_modules\\hexo-cli',
284 silly reify   'D:\\software\\nodejs\\node_global\\hexo',
284 silly reify   'D:\\software\\nodejs\\node_global\\hexo.cmd',
284 silly reify   'D:\\software\\nodejs\\node_global\\hexo.ps1'
284 silly reify ]
285 silly reify moves {
285 silly reify   'D:\\software\\nodejs\\node_global\\node_modules\\hexo-cli': 'D:\\software\\nodejs\\node_global\\node_modules\\.hexo-cli-rElQG3fp',
285 silly reify   'D:\\software\\nodejs\\node_global\\hexo': 'D:\\software\\nodejs\\node_global\\.hexo-X3Ak3wNa',
285 silly reify   'D:\\software\\nodejs\\node_global\\hexo.cmd': 'D:\\software\\nodejs\\node_global\\.hexo.cmd-exohkuNt',
285 silly reify   'D:\\software\\nodejs\\node_global\\hexo.ps1': 'D:\\software\\nodejs\\node_global\\.hexo.ps1-wspPpT8U'
285 silly reify }
286 timing reify:retireShallow Completed in 8ms
287 timing reify:createSparse Completed in 34ms
288 timing reify:loadBundles Completed in 0ms
289 verbose reify failed optional dependency D:\software\nodejs\node_global\node_modules\hexo-cli\node_modules\fsevents
290 silly reify mark deleted [
290 silly reify   'D:\\software\\nodejs\\node_global\\node_modules\\hexo-cli\\node_modules\\fsevents'
290 silly reify ]
291 timing reifyNode:node_modules/hexo-cli/node_modules/fsevents Completed in 4ms
292 timing reifyNode:node_modules/hexo-cli/node_modules/path-parse Completed in 174ms
293 timing reifyNode:node_modules/hexo-cli/node_modules/shebang-command Completed in 175ms
294 timing reifyNode:node_modules/hexo-cli/node_modules/normalize-path Completed in 175ms
295 timing reifyNode:node_modules/hexo-cli/node_modules/min-indent Completed in 175ms
296 timing reifyNode:node_modules/hexo-cli/node_modules/is-number Completed in 175ms
297 timing reifyNode:node_modules/hexo-cli/node_modules/is-extglob Completed in 175ms
298 timing reifyNode:node_modules/hexo-cli/node_modules/color-name Completed in 175ms
299 timing reifyNode:node_modules/hexo-cli/node_modules/abbrev Completed in 176ms
300 timing reifyNode:node_modules/hexo-cli/node_modules/to-regex-range Completed in 179ms
301 timing reifyNode:node_modules/hexo-cli/node_modules/hexo-log Completed in 179ms
302 timing reifyNode:node_modules/hexo-cli/node_modules/is-glob Completed in 179ms
303 timing reifyNode:node_modules/hexo-cli/node_modules/fill-range Completed in 178ms
304 timing reifyNode:node_modules/hexo-cli/node_modules/hexo-fs Completed in 180ms
305 timing reifyNode:node_modules/hexo-cli/node_modules/tildify Completed in 182ms
306 timing reifyNode:node_modules/hexo-cli/node_modules/shebang-regex Completed in 183ms
307 timing reifyNode:node_modules/hexo-cli/node_modules/supports-color Completed in 183ms
308 timing reifyNode:node_modules/hexo-cli/node_modules/strip-indent Completed in 183ms
309 timing reifyNode:node_modules/hexo-cli/node_modules/path-key Completed in 183ms
310 timing reifyNode:node_modules/hexo-cli/node_modules/is-binary-path Completed in 183ms
311 timing reifyNode:node_modules/hexo-cli/node_modules/has-flag Completed in 182ms
312 timing reifyNode:node_modules/hexo-cli/node_modules/glob-parent Completed in 182ms
313 timing reifyNode:node_modules/hexo-cli/node_modules/readdirp Completed in 184ms
314 timing reifyNode:node_modules/hexo-cli/node_modules/ansi-styles Completed in 184ms
315 timing reifyNode:node_modules/hexo-cli/node_modules/anymatch Completed in 184ms
316 timing reifyNode:node_modules/hexo-cli/node_modules/has Completed in 185ms
317 timing reifyNode:node_modules/hexo-cli/node_modules/which Completed in 190ms
318 timing reifyNode:node_modules/hexo-cli/node_modules/binary-extensions Completed in 193ms
319 timing reifyNode:node_modules/hexo-cli/node_modules/graceful-fs Completed in 193ms
320 timing reifyNode:node_modules/hexo-cli/node_modules/color-convert Completed in 194ms
321 timing reifyNode:node_modules/hexo-cli/node_modules/chalk Completed in 196ms
322 timing reifyNode:node_modules/hexo-cli/node_modules/isexe Completed in 200ms
323 timing reifyNode:node_modules/hexo-cli/node_modules/is-core-module Completed in 204ms
324 timing reifyNode:node_modules/hexo-cli/node_modules/chokidar Completed in 205ms
325 timing reifyNode:node_modules/hexo-cli/node_modules/domhandler Completed in 205ms
326 timing reifyNode:node_modules/hexo-cli/node_modules/supports-preserve-symlinks-flag Completed in 207ms
327 timing reifyNode:node_modules/hexo-cli/node_modules/cross-spawn Completed in 207ms
328 timing reifyNode:node_modules/hexo-cli/node_modules/deepmerge Completed in 207ms
329 timing reifyNode:node_modules/hexo-cli/node_modules/domelementtype Completed in 209ms
330 timing reifyNode:node_modules/hexo-cli/node_modules/picomatch Completed in 210ms
331 timing reifyNode:node_modules/hexo-cli/node_modules/braces Completed in 211ms
332 timing reifyNode:node_modules/hexo-cli/node_modules/command-exists Completed in 212ms
333 timing reifyNode:node_modules/hexo-cli/node_modules/function-bind Completed in 212ms
334 timing reifyNode:node_modules/hexo-cli/node_modules/tslib Completed in 215ms
335 timing reifyNode:node_modules/hexo-cli/node_modules/lower-case Completed in 219ms
336 timing reifyNode:node_modules/hexo-cli/node_modules/pascal-case Completed in 220ms
337 timing reifyNode:node_modules/hexo-cli/node_modules/no-case Completed in 220ms
338 timing reifyNode:node_modules/hexo-cli/node_modules/camel-case Completed in 220ms
339 timing reifyNode:node_modules/hexo-cli/node_modules/dom-serializer Completed in 223ms
340 timing reifyNode:node_modules/hexo-cli/node_modules/htmlparser2 Completed in 226ms
341 timing reifyNode:node_modules/hexo-cli/node_modules/dom-serializer/node_modules/entities Completed in 228ms
342 timing reifyNode:node_modules/hexo-cli/node_modules/minimist Completed in 237ms
343 timing reifyNode:node_modules/hexo-cli/node_modules/domutils Completed in 240ms
344 timing reifyNode:node_modules/hexo-cli/node_modules/entities Completed in 242ms
345 timing reifyNode:node_modules/hexo-cli/node_modules/hexo-util Completed in 251ms
346 timing reifyNode:node_modules/hexo-cli/node_modules/bluebird Completed in 267ms
347 timing reifyNode:node_modules/hexo-cli/node_modules/resolve Completed in 319ms
348 timing reifyNode:node_modules/hexo-cli Completed in 328ms
349 timing reifyNode:node_modules/hexo-cli/node_modules/prismjs Completed in 689ms
350 timing reifyNode:node_modules/hexo-cli/node_modules/highlight.js Completed in 985ms
351 timing reify:unpack Completed in 987ms
352 timing reify:unretire Completed in 0ms
353 timing build:queue Completed in 2ms
354 timing build:link:node_modules/hexo-cli Completed in 5ms
355 timing build:link:node_modules/hexo-cli/node_modules/resolve Completed in 4ms
356 timing build:link:node_modules/hexo-cli/node_modules/which Completed in 4ms
357 timing build:link Completed in 5ms
358 timing build:deps Completed in 7ms
359 timing build Completed in 7ms
360 timing reify:build Completed in 8ms
361 timing reify:trash Completed in 369ms
362 timing reify Completed in 1752ms
363 silly CHANGE node_modules/hexo-cli
364 silly ADD
365 silly CHANGE node_modules/hexo-cli/node_modules/which
366 silly CHANGE node_modules/hexo-cli/node_modules/to-regex-range
367 silly CHANGE node_modules/hexo-cli/node_modules/tslib
368 silly CHANGE node_modules/hexo-cli/node_modules/tildify
369 silly CHANGE node_modules/hexo-cli/node_modules/supports-preserve-symlinks-flag
370 silly CHANGE node_modules/hexo-cli/node_modules/supports-color
371 silly CHANGE node_modules/hexo-cli/node_modules/strip-indent
372 silly CHANGE node_modules/hexo-cli/node_modules/shebang-regex
373 silly CHANGE node_modules/hexo-cli/node_modules/shebang-command
374 silly CHANGE node_modules/hexo-cli/node_modules/resolve
375 silly CHANGE node_modules/hexo-cli/node_modules/readdirp
376 silly CHANGE node_modules/hexo-cli/node_modules/picomatch
377 silly CHANGE node_modules/hexo-cli/node_modules/path-parse
378 silly CHANGE node_modules/hexo-cli/node_modules/prismjs
379 silly CHANGE node_modules/hexo-cli/node_modules/path-key
380 silly CHANGE node_modules/hexo-cli/node_modules/normalize-path
381 silly CHANGE node_modules/hexo-cli/node_modules/min-indent
382 silly CHANGE node_modules/hexo-cli/node_modules/pascal-case
383 silly CHANGE node_modules/hexo-cli/node_modules/minimist
384 silly CHANGE node_modules/hexo-cli/node_modules/no-case
385 silly CHANGE node_modules/hexo-cli/node_modules/lower-case
386 silly CHANGE node_modules/hexo-cli/node_modules/is-number
387 silly CHANGE node_modules/hexo-cli/node_modules/is-glob
388 silly CHANGE node_modules/hexo-cli/node_modules/isexe
389 silly CHANGE node_modules/hexo-cli/node_modules/is-extglob
390 silly CHANGE node_modules/hexo-cli/node_modules/is-core-module
391 silly CHANGE node_modules/hexo-cli/node_modules/is-binary-path
392 silly CHANGE node_modules/hexo-cli/node_modules/hexo-log
393 silly CHANGE node_modules/hexo-cli/node_modules/hexo-util
394 silly CHANGE node_modules/hexo-cli/node_modules/highlight.js
395 silly CHANGE node_modules/hexo-cli/node_modules/htmlparser2
396 silly CHANGE node_modules/hexo-cli/node_modules/hexo-fs
397 silly CHANGE node_modules/hexo-cli/node_modules/glob-parent
398 silly CHANGE node_modules/hexo-cli/node_modules/has
399 silly CHANGE node_modules/hexo-cli/node_modules/has-flag
400 silly CHANGE node_modules/hexo-cli/node_modules/graceful-fs
401 silly CHANGE node_modules/hexo-cli/node_modules/function-bind
402 silly CHANGE node_modules/hexo-cli/node_modules/entities
403 silly CHANGE node_modules/hexo-cli/node_modules/fill-range
404 silly CHANGE node_modules/hexo-cli/node_modules/domutils
405 silly CHANGE node_modules/hexo-cli/node_modules/domhandler
406 silly CHANGE node_modules/hexo-cli/node_modules/command-exists
407 silly CHANGE node_modules/hexo-cli/node_modules/domelementtype
408 silly CHANGE node_modules/hexo-cli/node_modules/dom-serializer
409 silly CHANGE node_modules/hexo-cli/node_modules/dom-serializer/node_modules/entities
410 silly CHANGE node_modules/hexo-cli/node_modules/deepmerge
411 silly CHANGE node_modules/hexo-cli/node_modules/cross-spawn
412 silly CHANGE node_modules/hexo-cli/node_modules/color-convert
413 silly CHANGE node_modules/hexo-cli/node_modules/color-name
414 silly CHANGE node_modules/hexo-cli/node_modules/chalk
415 silly CHANGE node_modules/hexo-cli/node_modules/chokidar
416 silly CHANGE node_modules/hexo-cli/node_modules/bluebird
417 silly CHANGE node_modules/hexo-cli/node_modules/braces
418 silly CHANGE node_modules/hexo-cli/node_modules/camel-case
419 silly CHANGE node_modules/hexo-cli/node_modules/ansi-styles
420 silly CHANGE node_modules/hexo-cli/node_modules/abbrev
421 silly CHANGE node_modules/hexo-cli/node_modules/binary-extensions
422 silly CHANGE node_modules/hexo-cli/node_modules/anymatch
423 timing command:install Completed in 1758ms
424 verbose exit 0
425 timing npm Completed in 1803ms
426 info ok
