0 verbose cli D:\software\nodejs\node.exe D:\software\nodejs\node_modules\npm\bin\npm-cli.js
1 info using npm@9.5.0
2 info using node@v18.14.2
3 timing npm:load:whichnode Completed in 1ms
4 timing config:load:defaults Completed in 2ms
5 timing config:load:file:D:\software\nodejs\node_modules\npm\npmrc Completed in 1ms
6 timing config:load:builtin Completed in 2ms
7 timing config:load:cli Completed in 1ms
8 timing config:load:env Completed in 1ms
9 timing config:load:project Completed in 1ms
10 timing config:load:file:C:\Users\Echo\.npmrc Completed in 1ms
11 timing config:load:user Completed in 1ms
12 timing config:load:file:D:\software\nodejs\node_global\etc\npmrc Completed in 1ms
13 timing config:load:global Completed in 1ms
14 timing config:load:setEnvs Completed in 0ms
15 timing config:load Completed in 10ms
16 timing npm:load:configload Completed in 10ms
17 timing npm:load:mkdirpcache Completed in 0ms
18 timing npm:load:mkdirplogs Completed in 0ms
19 verbose title npm install hexo-cli
20 verbose argv "install" "--global" "hexo-cli"
21 timing npm:load:setTitle Completed in 1ms
22 timing config:load:flatten Completed in 2ms
23 timing npm:load:display Completed in 3ms
24 verbose logfile logs-max:10 dir:D:\software\nodejs\node_cache\_logs\2023-02-28T06_58_52_311Z-
25 verbose logfile D:\software\nodejs\node_cache\_logs\2023-02-28T06_58_52_311Z-debug-0.log
26 timing npm:load:logFile Completed in 5ms
27 timing npm:load:timers Completed in 0ms
28 timing npm:load:configScope Completed in 0ms
29 timing npm:load Completed in 21ms
30 timing config:load:flatten Completed in 0ms
31 timing arborist:ctor Completed in 1ms
32 silly logfile done cleaning log files
33 timing idealTree:init Completed in 5ms
34 timing idealTree:userRequests Completed in 3ms
35 silly idealTree buildDeps
36 silly fetch manifest hexo-cli@*
37 http fetch GET 200 https://registry.npmjs.org/hexo-cli 1073ms (cache miss)
38 silly placeDep ROOT hexo-cli@4.3.0 OK for:  want: *
39 silly fetch manifest abbrev@^1.1.1
40 silly fetch manifest bluebird@^3.5.5
41 silly fetch manifest chalk@^4.0.0
42 silly fetch manifest command-exists@^1.2.8
43 silly fetch manifest hexo-fs@^3.0.1
44 silly fetch manifest hexo-log@^2.0.0
45 silly fetch manifest hexo-util@^2.0.0
46 silly fetch manifest minimist@^1.2.5
47 silly fetch manifest resolve@^1.11.0
48 silly fetch manifest tildify@^2.0.0
49 http fetch GET 200 https://registry.npmjs.org/abbrev 680ms (cache miss)
50 http fetch GET 200 https://registry.npmjs.org/command-exists 835ms (cache miss)
51 http fetch GET 200 https://registry.npmjs.org/minimist 883ms (cache miss)
52 http fetch GET 200 https://registry.npmjs.org/chalk 1710ms (cache miss)
53 http fetch GET 200 https://registry.npmjs.org/hexo-util 2113ms (cache miss)
54 http fetch GET 200 https://registry.npmjs.org/hexo-log 2153ms (cache miss)
55 http fetch GET 200 https://registry.npmjs.org/resolve 2225ms (cache miss)
56 http fetch GET 200 https://registry.npmjs.org/hexo-fs 2401ms (cache miss)
57 http fetch GET 200 https://registry.npmjs.org/bluebird 2525ms (cache miss)
58 http fetch GET 200 https://registry.npmjs.org/tildify 3183ms (cache miss)
59 timing idealTree:#root Completed in 4271ms
60 silly placeDep node_modules/hexo-cli abbrev@1.1.1 OK for: hexo-cli@4.3.0 want: ^1.1.1
61 silly placeDep node_modules/hexo-cli bluebird@3.7.2 OK for: hexo-cli@4.3.0 want: ^3.5.5
62 silly placeDep node_modules/hexo-cli chalk@4.1.2 OK for: hexo-cli@4.3.0 want: ^4.0.0
63 silly placeDep node_modules/hexo-cli command-exists@1.2.9 OK for: hexo-cli@4.3.0 want: ^1.2.8
64 silly placeDep node_modules/hexo-cli hexo-fs@3.1.0 OK for: hexo-cli@4.3.0 want: ^3.0.1
65 silly placeDep node_modules/hexo-cli hexo-log@2.0.0 OK for: hexo-cli@4.3.0 want: ^2.0.0
66 silly placeDep node_modules/hexo-cli hexo-util@2.7.0 OK for: hexo-cli@4.3.0 want: ^2.0.0
67 silly placeDep node_modules/hexo-cli minimist@1.2.8 OK for: hexo-cli@4.3.0 want: ^1.2.5
68 silly placeDep node_modules/hexo-cli resolve@1.22.1 OK for: hexo-cli@4.3.0 want: ^1.11.0
69 silly placeDep node_modules/hexo-cli tildify@2.0.0 OK for: hexo-cli@4.3.0 want: ^2.0.0
70 silly fetch manifest ansi-styles@^4.1.0
71 silly fetch manifest supports-color@^7.1.0
72 silly fetch manifest chokidar@^3.0.0
73 silly fetch manifest graceful-fs@^4.1.11
74 silly fetch manifest camel-case@^4.0.0
75 silly fetch manifest cross-spawn@^7.0.0
76 silly fetch manifest deepmerge@^4.2.2
77 silly fetch manifest highlight.js@^11.0.1
78 silly fetch manifest htmlparser2@^7.0.0
79 silly fetch manifest prismjs@^1.17.1
80 silly fetch manifest strip-indent@^3.0.0
81 silly fetch manifest is-core-module@^2.9.0
82 silly fetch manifest path-parse@^1.0.7
83 silly fetch manifest supports-preserve-symlinks-flag@^1.0.0
84 http fetch GET 200 https://registry.npmjs.org/supports-color 29ms (cache hit)
85 http fetch GET 200 https://registry.npmjs.org/graceful-fs 28ms (cache hit)
86 http fetch GET 200 https://registry.npmjs.org/strip-indent 238ms (cache miss)
87 http fetch GET 200 https://registry.npmjs.org/cross-spawn 286ms (cache miss)
88 http fetch GET 200 https://registry.npmjs.org/htmlparser2 330ms (cache miss)
89 http fetch GET 200 https://registry.npmjs.org/ansi-styles 496ms (cache miss)
90 http fetch GET 200 https://registry.npmjs.org/camel-case 499ms (cache miss)
91 http fetch GET 200 https://registry.npmjs.org/is-core-module 511ms (cache miss)
92 http fetch GET 200 https://registry.npmjs.org/chokidar 519ms (cache miss)
93 http fetch GET 200 https://registry.npmjs.org/prismjs 515ms (cache miss)
94 http fetch GET 200 https://registry.npmjs.org/deepmerge 545ms (cache miss)
95 http fetch GET 200 https://registry.npmjs.org/highlight.js 638ms (cache miss)
96 http fetch GET 200 https://registry.npmjs.org/supports-preserve-symlinks-flag 640ms (cache miss)
97 http fetch GET 200 https://registry.npmjs.org/path-parse 652ms (cache miss)
98 timing idealTree:node_modules/hexo-cli Completed in 674ms
99 timing idealTree:node_modules/hexo-cli/node_modules/abbrev Completed in 0ms
100 timing idealTree:node_modules/hexo-cli/node_modules/bluebird Completed in 0ms
101 silly placeDep node_modules/hexo-cli ansi-styles@4.3.0 OK for: chalk@4.1.2 want: ^4.1.0
102 silly placeDep node_modules/hexo-cli supports-color@7.2.0 OK for: chalk@4.1.2 want: ^7.1.0
103 silly fetch manifest color-convert@^2.0.1
104 silly fetch manifest has-flag@^4.0.0
105 http fetch GET 200 https://registry.npmjs.org/has-flag 5ms (cache hit)
106 http fetch GET 200 https://registry.npmjs.org/color-convert 1363ms (cache miss)
107 timing idealTree:node_modules/hexo-cli/node_modules/chalk Completed in 1366ms
108 silly placeDep node_modules/hexo-cli color-convert@2.0.1 OK for: ansi-styles@4.3.0 want: ^2.0.1
109 silly fetch manifest color-name@~1.1.4
110 http fetch GET 200 https://registry.npmjs.org/color-name 479ms (cache miss)
111 timing idealTree:node_modules/hexo-cli/node_modules/ansi-styles Completed in 483ms
112 silly placeDep node_modules/hexo-cli color-name@1.1.4 OK for: color-convert@2.0.1 want: ~1.1.4
113 timing idealTree:node_modules/hexo-cli/node_modules/color-convert Completed in 1ms
114 timing idealTree:node_modules/hexo-cli/node_modules/color-name Completed in 0ms
115 timing idealTree:node_modules/hexo-cli/node_modules/command-exists Completed in 0ms
116 silly placeDep node_modules/hexo-cli chokidar@3.5.3 OK for: hexo-fs@3.1.0 want: ^3.0.0
117 silly placeDep node_modules/hexo-cli graceful-fs@4.2.10 OK for: hexo-fs@3.1.0 want: ^4.1.11
118 silly fetch manifest anymatch@~3.1.2
119 silly fetch manifest braces@~3.0.2
120 silly fetch manifest glob-parent@~5.1.2
121 silly fetch manifest is-binary-path@~2.1.0
122 silly fetch manifest is-glob@~4.0.1
123 silly fetch manifest normalize-path@~3.0.0
124 silly fetch manifest readdirp@~3.6.0
125 silly fetch manifest fsevents@~2.3.2
126 http fetch GET 200 https://registry.npmjs.org/is-glob 473ms (cache miss)
127 http fetch GET 200 https://registry.npmjs.org/normalize-path 478ms (cache miss)
128 http fetch GET 200 https://registry.npmjs.org/glob-parent 488ms (cache miss)
129 http fetch GET 200 https://registry.npmjs.org/anymatch 492ms (cache miss)
130 http fetch GET 200 https://registry.npmjs.org/readdirp 501ms (cache miss)
131 http fetch GET 200 https://registry.npmjs.org/braces 511ms (cache miss)
132 http fetch GET 200 https://registry.npmjs.org/is-binary-path 685ms (cache miss)
133 http fetch GET 200 https://registry.npmjs.org/fsevents 1183ms (cache miss)
134 timing idealTree:node_modules/hexo-cli/node_modules/hexo-fs Completed in 1191ms
135 silly placeDep node_modules/hexo-cli anymatch@3.1.3 OK for: chokidar@3.5.3 want: ~3.1.2
136 silly placeDep node_modules/hexo-cli braces@3.0.2 OK for: chokidar@3.5.3 want: ~3.0.2
137 silly placeDep node_modules/hexo-cli fsevents@2.3.2 OK for: chokidar@3.5.3 want: ~2.3.2
138 silly placeDep node_modules/hexo-cli glob-parent@5.1.2 OK for: chokidar@3.5.3 want: ~5.1.2
139 silly placeDep node_modules/hexo-cli is-binary-path@2.1.0 OK for: chokidar@3.5.3 want: ~2.1.0
140 silly placeDep node_modules/hexo-cli is-glob@4.0.3 OK for: chokidar@3.5.3 want: ~4.0.1
141 silly placeDep node_modules/hexo-cli normalize-path@3.0.0 OK for: chokidar@3.5.3 want: ~3.0.0
142 silly placeDep node_modules/hexo-cli readdirp@3.6.0 OK for: chokidar@3.5.3 want: ~3.6.0
143 silly fetch manifest picomatch@^2.0.4
144 silly fetch manifest fill-range@^7.0.1
145 silly fetch manifest binary-extensions@^2.0.0
146 silly fetch manifest is-extglob@^2.1.1
147 silly fetch manifest picomatch@^2.2.1
148 http fetch GET 200 https://registry.npmjs.org/is-extglob 223ms (cache miss)
149 http fetch GET 200 https://registry.npmjs.org/fill-range 485ms (cache miss)
150 http fetch GET 200 https://registry.npmjs.org/binary-extensions 492ms (cache miss)
151 http fetch GET 200 https://registry.npmjs.org/picomatch 537ms (cache miss)
152 http fetch GET 200 https://registry.npmjs.org/picomatch 614ms (cache miss)
153 timing idealTree:node_modules/hexo-cli/node_modules/chokidar Completed in 623ms
154 silly placeDep node_modules/hexo-cli picomatch@2.3.1 OK for: anymatch@3.1.3 want: ^2.0.4
155 timing idealTree:node_modules/hexo-cli/node_modules/anymatch Completed in 1ms
156 silly placeDep node_modules/hexo-cli fill-range@7.0.1 OK for: braces@3.0.2 want: ^7.0.1
157 silly fetch manifest to-regex-range@^5.0.1
158 http fetch GET 200 https://registry.npmjs.org/to-regex-range 400ms (cache miss)
159 timing idealTree:node_modules/hexo-cli/node_modules/braces Completed in 401ms
160 silly placeDep node_modules/hexo-cli to-regex-range@5.0.1 OK for: fill-range@7.0.1 want: ^5.0.1
161 silly fetch manifest is-number@^7.0.0
162 http fetch GET 200 https://registry.npmjs.org/is-number 743ms (cache miss)
163 timing idealTree:node_modules/hexo-cli/node_modules/fill-range Completed in 744ms
164 timing idealTree:node_modules/hexo-cli/node_modules/fsevents Completed in 0ms
165 timing idealTree:node_modules/hexo-cli/node_modules/glob-parent Completed in 0ms
166 timing idealTree:node_modules/hexo-cli/node_modules/graceful-fs Completed in 1ms
167 timing idealTree:node_modules/hexo-cli/node_modules/hexo-log Completed in 0ms
168 silly placeDep node_modules/hexo-cli camel-case@4.1.2 OK for: hexo-util@2.7.0 want: ^4.0.0
169 silly placeDep node_modules/hexo-cli cross-spawn@7.0.3 OK for: hexo-util@2.7.0 want: ^7.0.0
170 silly placeDep node_modules/hexo-cli deepmerge@4.3.0 OK for: hexo-util@2.7.0 want: ^4.2.2
171 silly placeDep node_modules/hexo-cli highlight.js@11.7.0 OK for: hexo-util@2.7.0 want: ^11.0.1
172 silly placeDep node_modules/hexo-cli htmlparser2@7.2.0 OK for: hexo-util@2.7.0 want: ^7.0.0
173 silly placeDep node_modules/hexo-cli prismjs@1.29.0 OK for: hexo-util@2.7.0 want: ^1.17.1
174 silly placeDep node_modules/hexo-cli strip-indent@3.0.0 OK for: hexo-util@2.7.0 want: ^3.0.0
175 silly fetch manifest pascal-case@^3.1.2
176 silly fetch manifest tslib@^2.0.3
177 silly fetch manifest path-key@^3.1.0
178 silly fetch manifest shebang-command@^2.0.0
179 silly fetch manifest which@^2.0.1
180 silly fetch manifest domelementtype@^2.0.1
181 silly fetch manifest domhandler@^4.2.2
182 silly fetch manifest domutils@^2.8.0
183 silly fetch manifest entities@^3.0.1
184 silly fetch manifest min-indent@^1.0.0
185 http fetch GET 200 https://registry.npmjs.org/path-key 242ms (cache miss)
186 http fetch GET 200 https://registry.npmjs.org/min-indent 238ms (cache miss)
187 http fetch GET 200 https://registry.npmjs.org/domelementtype 245ms (cache miss)
188 http fetch GET 200 https://registry.npmjs.org/shebang-command 247ms (cache miss)
189 http fetch GET 200 https://registry.npmjs.org/which 276ms (cache miss)
190 http fetch GET 200 https://registry.npmjs.org/tslib 290ms (cache miss)
191 http fetch GET 200 https://registry.npmjs.org/entities 290ms (cache miss)
192 http fetch GET 200 https://registry.npmjs.org/domutils 297ms (cache miss)
193 http fetch GET 200 https://registry.npmjs.org/pascal-case 378ms (cache miss)
194 http fetch GET 200 https://registry.npmjs.org/domhandler 1104ms (cache miss)
195 timing idealTree:node_modules/hexo-cli/node_modules/hexo-util Completed in 1117ms
196 silly placeDep node_modules/hexo-cli pascal-case@3.1.2 OK for: camel-case@4.1.2 want: ^3.1.2
197 silly placeDep node_modules/hexo-cli tslib@2.5.0 OK for: camel-case@4.1.2 want: ^2.0.3
198 silly fetch manifest no-case@^3.0.4
199 http fetch GET 200 https://registry.npmjs.org/no-case 304ms (cache miss)
200 timing idealTree:node_modules/hexo-cli/node_modules/camel-case Completed in 306ms
201 silly placeDep node_modules/hexo-cli path-key@3.1.1 OK for: cross-spawn@7.0.3 want: ^3.1.0
202 silly placeDep node_modules/hexo-cli shebang-command@2.0.0 OK for: cross-spawn@7.0.3 want: ^2.0.0
203 silly placeDep node_modules/hexo-cli which@2.0.2 OK for: cross-spawn@7.0.3 want: ^2.0.1
204 silly fetch manifest shebang-regex@^3.0.0
205 silly fetch manifest isexe@^2.0.0
206 http fetch GET 200 https://registry.npmjs.org/isexe 245ms (cache miss)
207 http fetch GET 200 https://registry.npmjs.org/shebang-regex 308ms (cache miss)
208 timing idealTree:node_modules/hexo-cli/node_modules/cross-spawn Completed in 312ms
209 timing idealTree:node_modules/hexo-cli/node_modules/deepmerge Completed in 0ms
210 timing idealTree:node_modules/hexo-cli/node_modules/highlight.js Completed in 0ms
211 silly placeDep node_modules/hexo-cli domelementtype@2.3.0 OK for: htmlparser2@7.2.0 want: ^2.0.1
212 silly placeDep node_modules/hexo-cli domhandler@4.3.1 OK for: htmlparser2@7.2.0 want: ^4.2.2
213 silly placeDep node_modules/hexo-cli domutils@2.8.0 OK for: htmlparser2@7.2.0 want: ^2.8.0
214 silly placeDep node_modules/hexo-cli entities@3.0.1 OK for: htmlparser2@7.2.0 want: ^3.0.1
215 silly fetch manifest dom-serializer@^1.0.1
216 http fetch GET 200 https://registry.npmjs.org/dom-serializer 815ms (cache miss)
217 timing idealTree:node_modules/hexo-cli/node_modules/htmlparser2 Completed in 821ms
218 timing idealTree:node_modules/hexo-cli/node_modules/domelementtype Completed in 0ms
219 timing idealTree:node_modules/hexo-cli/node_modules/domhandler Completed in 0ms
220 silly placeDep node_modules/hexo-cli dom-serializer@1.4.1 OK for: domutils@2.8.0 want: ^1.0.1
221 silly fetch manifest entities@^2.0.0
222 timing idealTree:node_modules/hexo-cli/node_modules/domutils Completed in 2ms
223 silly placeDep node_modules/hexo-cli/node_modules/dom-serializer entities@2.2.0 OK for: dom-serializer@1.4.1 want: ^2.0.0
224 timing idealTree:node_modules/hexo-cli/node_modules/dom-serializer Completed in 1ms
225 timing idealTree:node_modules/hexo-cli/node_modules/entities Completed in 0ms
226 silly placeDep node_modules/hexo-cli binary-extensions@2.2.0 OK for: is-binary-path@2.1.0 want: ^2.0.0
227 timing idealTree:node_modules/hexo-cli/node_modules/is-binary-path Completed in 1ms
228 timing idealTree:node_modules/hexo-cli/node_modules/binary-extensions Completed in 0ms
229 silly placeDep node_modules/hexo-cli is-extglob@2.1.1 OK for: is-glob@4.0.3 want: ^2.1.1
230 timing idealTree:node_modules/hexo-cli/node_modules/is-glob Completed in 1ms
231 timing idealTree:node_modules/hexo-cli/node_modules/is-extglob Completed in 0ms
232 timing idealTree:node_modules/hexo-cli/node_modules/minimist Completed in 0ms
233 timing idealTree:node_modules/hexo-cli/node_modules/normalize-path Completed in 0ms
234 silly placeDep node_modules/hexo-cli no-case@3.0.4 OK for: pascal-case@3.1.2 want: ^3.0.4
235 silly fetch manifest lower-case@^2.0.2
236 http fetch GET 200 https://registry.npmjs.org/lower-case 274ms (cache miss)
237 timing idealTree:node_modules/hexo-cli/node_modules/pascal-case Completed in 276ms
238 silly placeDep node_modules/hexo-cli lower-case@2.0.2 OK for: no-case@3.0.4 want: ^2.0.2
239 timing idealTree:node_modules/hexo-cli/node_modules/no-case Completed in 1ms
240 timing idealTree:node_modules/hexo-cli/node_modules/lower-case Completed in 0ms
241 timing idealTree:node_modules/hexo-cli/node_modules/path-key Completed in 0ms
242 timing idealTree:node_modules/hexo-cli/node_modules/picomatch Completed in 0ms
243 timing idealTree:node_modules/hexo-cli/node_modules/prismjs Completed in 0ms
244 timing idealTree:node_modules/hexo-cli/node_modules/readdirp Completed in 0ms
245 silly placeDep node_modules/hexo-cli is-core-module@2.11.0 OK for: resolve@1.22.1 want: ^2.9.0
246 silly placeDep node_modules/hexo-cli path-parse@1.0.7 OK for: resolve@1.22.1 want: ^1.0.7
247 silly placeDep node_modules/hexo-cli supports-preserve-symlinks-flag@1.0.0 OK for: resolve@1.22.1 want: ^1.0.0
248 silly fetch manifest has@^1.0.3
249 http fetch GET 200 https://registry.npmjs.org/has 242ms (cache miss)
250 timing idealTree:node_modules/hexo-cli/node_modules/resolve Completed in 244ms
251 silly placeDep node_modules/hexo-cli has@1.0.3 OK for: is-core-module@2.11.0 want: ^1.0.3
252 silly fetch manifest function-bind@^1.1.1
253 http fetch GET 200 https://registry.npmjs.org/function-bind 487ms (cache miss)
254 timing idealTree:node_modules/hexo-cli/node_modules/is-core-module Completed in 488ms
255 silly placeDep node_modules/hexo-cli function-bind@1.1.1 OK for: has@1.0.3 want: ^1.1.1
256 timing idealTree:node_modules/hexo-cli/node_modules/has Completed in 1ms
257 timing idealTree:node_modules/hexo-cli/node_modules/function-bind Completed in 0ms
258 timing idealTree:node_modules/hexo-cli/node_modules/path-parse Completed in 0ms
259 silly placeDep node_modules/hexo-cli shebang-regex@3.0.0 OK for: shebang-command@2.0.0 want: ^3.0.0
260 timing idealTree:node_modules/hexo-cli/node_modules/shebang-command Completed in 1ms
261 timing idealTree:node_modules/hexo-cli/node_modules/shebang-regex Completed in 0ms
262 silly placeDep node_modules/hexo-cli min-indent@1.0.1 OK for: strip-indent@3.0.0 want: ^1.0.0
263 timing idealTree:node_modules/hexo-cli/node_modules/strip-indent Completed in 1ms
264 timing idealTree:node_modules/hexo-cli/node_modules/min-indent Completed in 0ms
265 silly placeDep node_modules/hexo-cli has-flag@4.0.0 OK for: supports-color@7.2.0 want: ^4.0.0
266 timing idealTree:node_modules/hexo-cli/node_modules/supports-color Completed in 1ms
267 timing idealTree:node_modules/hexo-cli/node_modules/has-flag Completed in 0ms
268 timing idealTree:node_modules/hexo-cli/node_modules/supports-preserve-symlinks-flag Completed in 0ms
269 timing idealTree:node_modules/hexo-cli/node_modules/tildify Completed in 0ms
270 silly placeDep node_modules/hexo-cli is-number@7.0.0 OK for: to-regex-range@5.0.1 want: ^7.0.0
271 timing idealTree:node_modules/hexo-cli/node_modules/to-regex-range Completed in 1ms
272 timing idealTree:node_modules/hexo-cli/node_modules/is-number Completed in 0ms
273 timing idealTree:node_modules/hexo-cli/node_modules/tslib Completed in 0ms
274 silly placeDep node_modules/hexo-cli isexe@2.0.0 OK for: which@2.0.2 want: ^2.0.0
275 timing idealTree:node_modules/hexo-cli/node_modules/which Completed in 1ms
276 timing idealTree:node_modules/hexo-cli/node_modules/isexe Completed in 0ms
277 timing idealTree:node_modules/hexo-cli/node_modules/dom-serializer/node_modules/entities Completed in 0ms
278 timing idealTree:buildDeps Completed in 13338ms
279 timing idealTree:fixDepFlags Completed in 1ms
280 timing idealTree Completed in 13348ms
281 timing reify:loadTrees Completed in 13349ms
282 timing reify:diffTrees Completed in 2ms
283 silly reify moves {}
284 timing reify:retireShallow Completed in 0ms
285 timing reify:createSparse Completed in 34ms
286 timing reify:loadBundles Completed in 0ms
287 verbose reify failed optional dependency D:\software\nodejs\node_global\node_modules\hexo-cli\node_modules\fsevents
288 silly reify mark deleted [
288 silly reify   'D:\\software\\nodejs\\node_global\\node_modules\\hexo-cli\\node_modules\\fsevents'
288 silly reify ]
289 timing reifyNode:node_modules/hexo-cli/node_modules/fsevents Completed in 4ms
290 silly tarball no local data for hexo-cli@https://registry.npmjs.org/hexo-cli/-/hexo-cli-4.3.0.tgz. Extracting by manifest.
291 silly tarball no local data for isexe@https://registry.npmjs.org/isexe/-/isexe-2.0.0.tgz. Extracting by manifest.
292 silly tarball no local data for has-flag@https://registry.npmjs.org/has-flag/-/has-flag-4.0.0.tgz. Extracting by manifest.
293 silly tarball no local data for shebang-regex@https://registry.npmjs.org/shebang-regex/-/shebang-regex-3.0.0.tgz. Extracting by manifest.
294 silly tarball no local data for is-number@https://registry.npmjs.org/is-number/-/is-number-7.0.0.tgz. Extracting by manifest.
295 silly tarball no local data for supports-preserve-symlinks-flag@https://registry.npmjs.org/supports-preserve-symlinks-flag/-/supports-preserve-symlinks-flag-1.0.0.tgz. Extracting by manifest.
296 silly tarball no local data for min-indent@https://registry.npmjs.org/min-indent/-/min-indent-1.0.1.tgz. Extracting by manifest.
297 silly tarball no local data for function-bind@https://registry.npmjs.org/function-bind/-/function-bind-1.1.1.tgz. Extracting by manifest.
298 silly tarball no local data for path-parse@https://registry.npmjs.org/path-parse/-/path-parse-1.0.7.tgz. Extracting by manifest.
299 silly tarball no local data for has@https://registry.npmjs.org/has/-/has-1.0.3.tgz. Extracting by manifest.
300 silly tarball no local data for is-core-module@https://registry.npmjs.org/is-core-module/-/is-core-module-2.11.0.tgz. Extracting by manifest.
301 silly tarball no local data for is-extglob@https://registry.npmjs.org/is-extglob/-/is-extglob-2.1.1.tgz. Extracting by manifest.
302 silly tarball no local data for lower-case@https://registry.npmjs.org/lower-case/-/lower-case-2.0.2.tgz. Extracting by manifest.
303 silly tarball no local data for entities@https://registry.npmjs.org/entities/-/entities-2.2.0.tgz. Extracting by manifest.
304 silly tarball no local data for no-case@https://registry.npmjs.org/no-case/-/no-case-3.0.4.tgz. Extracting by manifest.
305 silly tarball no local data for binary-extensions@https://registry.npmjs.org/binary-extensions/-/binary-extensions-2.2.0.tgz. Extracting by manifest.
306 silly tarball no local data for dom-serializer@https://registry.npmjs.org/dom-serializer/-/dom-serializer-1.4.1.tgz. Extracting by manifest.
307 silly tarball no local data for domhandler@https://registry.npmjs.org/domhandler/-/domhandler-4.3.1.tgz. Extracting by manifest.
308 silly tarball no local data for domutils@https://registry.npmjs.org/domutils/-/domutils-2.8.0.tgz. Extracting by manifest.
309 silly tarball no local data for entities@https://registry.npmjs.org/entities/-/entities-3.0.1.tgz. Extracting by manifest.
310 silly tarball no local data for domelementtype@https://registry.npmjs.org/domelementtype/-/domelementtype-2.3.0.tgz. Extracting by manifest.
311 silly tarball no local data for shebang-command@https://registry.npmjs.org/shebang-command/-/shebang-command-2.0.0.tgz. Extracting by manifest.
312 silly tarball no local data for which@https://registry.npmjs.org/which/-/which-2.0.2.tgz. Extracting by manifest.
313 silly tarball no local data for path-key@https://registry.npmjs.org/path-key/-/path-key-3.1.1.tgz. Extracting by manifest.
314 silly tarball no local data for tslib@https://registry.npmjs.org/tslib/-/tslib-2.5.0.tgz. Extracting by manifest.
315 silly tarball no local data for pascal-case@https://registry.npmjs.org/pascal-case/-/pascal-case-3.1.2.tgz. Extracting by manifest.
316 silly tarball no local data for prismjs@https://registry.npmjs.org/prismjs/-/prismjs-1.29.0.tgz. Extracting by manifest.
317 silly tarball no local data for strip-indent@https://registry.npmjs.org/strip-indent/-/strip-indent-3.0.0.tgz. Extracting by manifest.
318 silly tarball no local data for htmlparser2@https://registry.npmjs.org/htmlparser2/-/htmlparser2-7.2.0.tgz. Extracting by manifest.
319 silly tarball no local data for highlight.js@https://registry.npmjs.org/highlight.js/-/highlight.js-11.7.0.tgz. Extracting by manifest.
320 silly tarball no local data for cross-spawn@https://registry.npmjs.org/cross-spawn/-/cross-spawn-7.0.3.tgz. Extracting by manifest.
321 silly tarball no local data for deepmerge@https://registry.npmjs.org/deepmerge/-/deepmerge-4.3.0.tgz. Extracting by manifest.
322 silly tarball no local data for camel-case@https://registry.npmjs.org/camel-case/-/camel-case-4.1.2.tgz. Extracting by manifest.
323 silly tarball no local data for to-regex-range@https://registry.npmjs.org/to-regex-range/-/to-regex-range-5.0.1.tgz. Extracting by manifest.
324 silly tarball no local data for fill-range@https://registry.npmjs.org/fill-range/-/fill-range-7.0.1.tgz. Extracting by manifest.
325 silly tarball no local data for picomatch@https://registry.npmjs.org/picomatch/-/picomatch-2.3.1.tgz. Extracting by manifest.
326 silly tarball no local data for readdirp@https://registry.npmjs.org/readdirp/-/readdirp-3.6.0.tgz. Extracting by manifest.
327 silly tarball no local data for is-glob@https://registry.npmjs.org/is-glob/-/is-glob-4.0.3.tgz. Extracting by manifest.
328 silly tarball no local data for normalize-path@https://registry.npmjs.org/normalize-path/-/normalize-path-3.0.0.tgz. Extracting by manifest.
329 silly tarball no local data for is-binary-path@https://registry.npmjs.org/is-binary-path/-/is-binary-path-2.1.0.tgz. Extracting by manifest.
330 silly tarball no local data for braces@https://registry.npmjs.org/braces/-/braces-3.0.2.tgz. Extracting by manifest.
331 silly tarball no local data for glob-parent@https://registry.npmjs.org/glob-parent/-/glob-parent-5.1.2.tgz. Extracting by manifest.
332 silly tarball no local data for anymatch@https://registry.npmjs.org/anymatch/-/anymatch-3.1.3.tgz. Extracting by manifest.
333 silly tarball no local data for graceful-fs@https://registry.npmjs.org/graceful-fs/-/graceful-fs-4.2.10.tgz. Extracting by manifest.
334 silly tarball no local data for chokidar@https://registry.npmjs.org/chokidar/-/chokidar-3.5.3.tgz. Extracting by manifest.
335 silly tarball no local data for color-name@https://registry.npmjs.org/color-name/-/color-name-1.1.4.tgz. Extracting by manifest.
336 silly tarball no local data for color-convert@https://registry.npmjs.org/color-convert/-/color-convert-2.0.1.tgz. Extracting by manifest.
337 silly tarball no local data for supports-color@https://registry.npmjs.org/supports-color/-/supports-color-7.2.0.tgz. Extracting by manifest.
338 silly tarball no local data for ansi-styles@https://registry.npmjs.org/ansi-styles/-/ansi-styles-4.3.0.tgz. Extracting by manifest.
339 silly tarball no local data for tildify@https://registry.npmjs.org/tildify/-/tildify-2.0.0.tgz. Extracting by manifest.
340 silly tarball no local data for resolve@https://registry.npmjs.org/resolve/-/resolve-1.22.1.tgz. Extracting by manifest.
341 silly tarball no local data for minimist@https://registry.npmjs.org/minimist/-/minimist-1.2.8.tgz. Extracting by manifest.
342 silly tarball no local data for hexo-util@https://registry.npmjs.org/hexo-util/-/hexo-util-2.7.0.tgz. Extracting by manifest.
343 silly tarball no local data for hexo-log@https://registry.npmjs.org/hexo-log/-/hexo-log-2.0.0.tgz. Extracting by manifest.
344 silly tarball no local data for hexo-fs@https://registry.npmjs.org/hexo-fs/-/hexo-fs-3.1.0.tgz. Extracting by manifest.
345 silly tarball no local data for chalk@https://registry.npmjs.org/chalk/-/chalk-4.1.2.tgz. Extracting by manifest.
346 silly tarball no local data for command-exists@https://registry.npmjs.org/command-exists/-/command-exists-1.2.9.tgz. Extracting by manifest.
347 silly tarball no local data for bluebird@https://registry.npmjs.org/bluebird/-/bluebird-3.7.2.tgz. Extracting by manifest.
348 silly tarball no local data for abbrev@https://registry.npmjs.org/abbrev/-/abbrev-1.1.1.tgz. Extracting by manifest.
349 http fetch GET 200 https://registry.npmjs.org/has-flag/-/has-flag-4.0.0.tgz 316ms (cache miss)
350 http fetch GET 200 https://registry.npmjs.org/shebang-regex/-/shebang-regex-3.0.0.tgz 317ms (cache miss)
351 http fetch GET 200 https://registry.npmjs.org/path-parse/-/path-parse-1.0.7.tgz 314ms (cache miss)
352 http fetch GET 200 https://registry.npmjs.org/function-bind/-/function-bind-1.1.1.tgz 314ms (cache miss)
353 http fetch GET 200 https://registry.npmjs.org/is-number/-/is-number-7.0.0.tgz 318ms (cache miss)
354 http fetch GET 200 https://registry.npmjs.org/min-indent/-/min-indent-1.0.1.tgz 317ms (cache miss)
355 http fetch GET 200 https://registry.npmjs.org/supports-preserve-symlinks-flag/-/supports-preserve-symlinks-flag-1.0.0.tgz 319ms (cache miss)
356 http fetch GET 200 https://registry.npmjs.org/has/-/has-1.0.3.tgz 316ms (cache miss)
357 http fetch GET 200 https://registry.npmjs.org/is-extglob/-/is-extglob-2.1.1.tgz 314ms (cache miss)
358 timing reifyNode:node_modules/hexo-cli/node_modules/is-number Completed in 356ms
359 timing reifyNode:node_modules/hexo-cli/node_modules/path-parse Completed in 357ms
360 timing reifyNode:node_modules/hexo-cli/node_modules/min-indent Completed in 357ms
361 timing reifyNode:node_modules/hexo-cli/node_modules/is-extglob Completed in 357ms
362 timing reifyNode:node_modules/hexo-cli/node_modules/shebang-regex Completed in 357ms
363 http fetch GET 200 https://registry.npmjs.org/isexe/-/isexe-2.0.0.tgz 326ms (cache miss)
364 timing reifyNode:node_modules/hexo-cli/node_modules/has-flag Completed in 358ms
365 timing reifyNode:node_modules/hexo-cli/node_modules/has Completed in 359ms
366 http fetch GET 200 https://registry.npmjs.org/is-core-module/-/is-core-module-2.11.0.tgz 322ms (cache miss)
367 timing reifyNode:node_modules/hexo-cli/node_modules/is-core-module Completed in 364ms
368 timing reifyNode:node_modules/hexo-cli/node_modules/isexe Completed in 366ms
369 timing reifyNode:node_modules/hexo-cli/node_modules/supports-preserve-symlinks-flag Completed in 365ms
370 timing reifyNode:node_modules/hexo-cli/node_modules/function-bind Completed in 366ms
371 http fetch GET 200 https://registry.npmjs.org/binary-extensions/-/binary-extensions-2.2.0.tgz 476ms (cache miss)
372 timing reifyNode:node_modules/hexo-cli/node_modules/binary-extensions Completed in 526ms
373 http fetch GET 200 https://registry.npmjs.org/domhandler/-/domhandler-4.3.1.tgz 497ms (cache miss)
374 http fetch GET 200 https://registry.npmjs.org/domelementtype/-/domelementtype-2.3.0.tgz 500ms (cache miss)
375 http fetch GET 200 https://registry.npmjs.org/path-key/-/path-key-3.1.1.tgz 506ms (cache miss)
376 timing reifyNode:node_modules/hexo-cli/node_modules/domhandler Completed in 563ms
377 timing reifyNode:node_modules/hexo-cli/node_modules/path-key Completed in 563ms
378 http fetch GET 200 https://registry.npmjs.org/shebang-command/-/shebang-command-2.0.0.tgz 512ms (cache miss)
379 http fetch GET 200 https://registry.npmjs.org/which/-/which-2.0.2.tgz 512ms (cache miss)
380 timing reifyNode:node_modules/hexo-cli/node_modules/shebang-command Completed in 565ms
381 timing reifyNode:node_modules/hexo-cli/node_modules/which Completed in 566ms
382 timing reifyNode:node_modules/hexo-cli/node_modules/domelementtype Completed in 568ms
383 http fetch GET 200 https://registry.npmjs.org/dom-serializer/-/dom-serializer-1.4.1.tgz 529ms (cache miss)
384 timing reifyNode:node_modules/hexo-cli/node_modules/dom-serializer Completed in 576ms
385 http fetch GET 200 https://registry.npmjs.org/tslib/-/tslib-2.5.0.tgz 523ms (cache miss)
386 timing reifyNode:node_modules/hexo-cli/node_modules/tslib Completed in 577ms
387 http fetch GET 200 https://registry.npmjs.org/domutils/-/domutils-2.8.0.tgz 533ms (cache miss)
388 timing reifyNode:node_modules/hexo-cli/node_modules/domutils Completed in 583ms
389 http fetch GET 200 https://registry.npmjs.org/entities/-/entities-3.0.1.tgz 536ms (cache miss)
390 timing reifyNode:node_modules/hexo-cli/node_modules/entities Completed in 587ms
391 http fetch GET 200 https://registry.npmjs.org/pascal-case/-/pascal-case-3.1.2.tgz 541ms (cache miss)
392 timing reifyNode:node_modules/hexo-cli/node_modules/pascal-case Completed in 604ms
393 http fetch GET 200 https://registry.npmjs.org/no-case/-/no-case-3.0.4.tgz 706ms (cache miss)
394 timing reifyNode:node_modules/hexo-cli/node_modules/no-case Completed in 754ms
395 http fetch GET 200 https://registry.npmjs.org/entities/-/entities-2.2.0.tgz 712ms (cache miss)
396 timing reifyNode:node_modules/hexo-cli/node_modules/dom-serializer/node_modules/entities Completed in 755ms
397 http fetch GET 200 https://registry.npmjs.org/lower-case/-/lower-case-2.0.2.tgz 714ms (cache miss)
398 timing reifyNode:node_modules/hexo-cli/node_modules/lower-case Completed in 757ms
399 http fetch GET 200 https://registry.npmjs.org/strip-indent/-/strip-indent-3.0.0.tgz 702ms (cache miss)
400 timing reifyNode:node_modules/hexo-cli/node_modules/strip-indent Completed in 760ms
401 http fetch GET 200 https://registry.npmjs.org/cross-spawn/-/cross-spawn-7.0.3.tgz 729ms (cache miss)
402 timing reifyNode:node_modules/hexo-cli/node_modules/cross-spawn Completed in 788ms
403 http fetch GET 200 https://registry.npmjs.org/camel-case/-/camel-case-4.1.2.tgz 726ms (cache miss)
404 timing reifyNode:node_modules/hexo-cli/node_modules/camel-case Completed in 790ms
405 http fetch GET 200 https://registry.npmjs.org/deepmerge/-/deepmerge-4.3.0.tgz 744ms (cache miss)
406 timing reifyNode:node_modules/hexo-cli/node_modules/deepmerge Completed in 804ms
407 http fetch GET 200 https://registry.npmjs.org/readdirp/-/readdirp-3.6.0.tgz 808ms (cache miss)
408 timing reifyNode:node_modules/hexo-cli/node_modules/readdirp Completed in 876ms
409 http fetch GET 200 https://registry.npmjs.org/anymatch/-/anymatch-3.1.3.tgz 925ms (cache miss)
410 timing reifyNode:node_modules/hexo-cli/node_modules/anymatch Completed in 998ms
411 http fetch GET 200 https://registry.npmjs.org/fill-range/-/fill-range-7.0.1.tgz 969ms (cache miss)
412 timing reifyNode:node_modules/hexo-cli/node_modules/fill-range Completed in 1035ms
413 http fetch GET 200 https://registry.npmjs.org/htmlparser2/-/htmlparser2-7.2.0.tgz 984ms (cache miss)
414 timing reifyNode:node_modules/hexo-cli/node_modules/htmlparser2 Completed in 1041ms
415 http fetch GET 200 https://registry.npmjs.org/is-glob/-/is-glob-4.0.3.tgz 1129ms (cache miss)
416 timing reifyNode:node_modules/hexo-cli/node_modules/is-glob Completed in 1198ms
417 http fetch GET 200 https://registry.npmjs.org/is-binary-path/-/is-binary-path-2.1.0.tgz 1136ms (cache miss)
418 timing reifyNode:node_modules/hexo-cli/node_modules/is-binary-path Completed in 1205ms
419 http fetch GET 200 https://registry.npmjs.org/color-name/-/color-name-1.1.4.tgz 1140ms (cache miss)
420 timing reifyNode:node_modules/hexo-cli/node_modules/color-name Completed in 1215ms
421 http fetch GET 200 https://registry.npmjs.org/braces/-/braces-3.0.2.tgz 1165ms (cache miss)
422 timing reifyNode:node_modules/hexo-cli/node_modules/braces Completed in 1240ms
423 http fetch GET 200 https://registry.npmjs.org/supports-color/-/supports-color-7.2.0.tgz 1181ms (cache miss)
424 timing reifyNode:node_modules/hexo-cli/node_modules/supports-color Completed in 1258ms
425 http fetch GET 200 https://registry.npmjs.org/picomatch/-/picomatch-2.3.1.tgz 1257ms (cache miss)
426 timing reifyNode:node_modules/hexo-cli/node_modules/picomatch Completed in 1323ms
427 http fetch GET 200 https://registry.npmjs.org/tildify/-/tildify-2.0.0.tgz 1339ms (cache miss)
428 timing reifyNode:node_modules/hexo-cli/node_modules/tildify Completed in 1420ms
429 http fetch GET 200 https://registry.npmjs.org/ansi-styles/-/ansi-styles-4.3.0.tgz 1346ms (cache miss)
430 timing reifyNode:node_modules/hexo-cli/node_modules/ansi-styles Completed in 1423ms
431 http fetch GET 200 https://registry.npmjs.org/resolve/-/resolve-1.22.1.tgz 1454ms (cache miss)
432 timing reifyNode:node_modules/hexo-cli/node_modules/resolve Completed in 1537ms
433 http fetch GET 200 https://registry.npmjs.org/hexo-log/-/hexo-log-2.0.0.tgz 1465ms (cache miss)
434 timing reifyNode:node_modules/hexo-cli/node_modules/hexo-log Completed in 1550ms
435 http fetch GET 200 https://registry.npmjs.org/chokidar/-/chokidar-3.5.3.tgz 1485ms (cache miss)
436 timing reifyNode:node_modules/hexo-cli/node_modules/chokidar Completed in 1558ms
437 http fetch GET 200 https://registry.npmjs.org/hexo-fs/-/hexo-fs-3.1.0.tgz 1553ms (cache miss)
438 timing reifyNode:node_modules/hexo-cli/node_modules/hexo-fs Completed in 1639ms
439 http fetch GET 200 https://registry.npmjs.org/chalk/-/chalk-4.1.2.tgz 1573ms (cache miss)
440 timing reifyNode:node_modules/hexo-cli/node_modules/chalk Completed in 1660ms
441 http fetch GET 200 https://registry.npmjs.org/minimist/-/minimist-1.2.8.tgz 1625ms (cache miss)
442 http fetch GET 200 https://registry.npmjs.org/command-exists/-/command-exists-1.2.9.tgz 1627ms (cache miss)
443 timing reifyNode:node_modules/hexo-cli/node_modules/command-exists Completed in 1716ms
444 timing reifyNode:node_modules/hexo-cli/node_modules/minimist Completed in 1725ms
445 http fetch GET 200 https://registry.npmjs.org/graceful-fs/-/graceful-fs-4.2.10.tgz 1668ms (cache miss)
446 timing reifyNode:node_modules/hexo-cli/node_modules/graceful-fs Completed in 1741ms
447 http fetch GET 200 https://registry.npmjs.org/normalize-path/-/normalize-path-3.0.0.tgz 1688ms (cache miss)
448 timing reifyNode:node_modules/hexo-cli/node_modules/normalize-path Completed in 1756ms
449 http fetch GET 200 https://registry.npmjs.org/abbrev/-/abbrev-1.1.1.tgz 1708ms (cache miss)
450 timing reifyNode:node_modules/hexo-cli/node_modules/abbrev Completed in 1802ms
451 http fetch GET 200 https://registry.npmjs.org/glob-parent/-/glob-parent-5.1.2.tgz 1732ms (cache miss)
452 timing reifyNode:node_modules/hexo-cli/node_modules/glob-parent Completed in 1803ms
453 http fetch GET 200 https://registry.npmjs.org/hexo-util/-/hexo-util-2.7.0.tgz 1735ms (cache miss)
454 timing reifyNode:node_modules/hexo-cli/node_modules/hexo-util Completed in 1819ms
455 http fetch GET 200 https://registry.npmjs.org/to-regex-range/-/to-regex-range-5.0.1.tgz 1823ms (cache miss)
456 timing reifyNode:node_modules/hexo-cli/node_modules/to-regex-range Completed in 1887ms
457 http fetch GET 200 https://registry.npmjs.org/color-convert/-/color-convert-2.0.1.tgz 1899ms (cache miss)
458 timing reifyNode:node_modules/hexo-cli/node_modules/color-convert Completed in 1975ms
459 http fetch GET 200 https://registry.npmjs.org/bluebird/-/bluebird-3.7.2.tgz 1889ms (cache miss)
460 timing reifyNode:node_modules/hexo-cli/node_modules/bluebird Completed in 1979ms
461 http fetch GET 200 https://registry.npmjs.org/prismjs/-/prismjs-1.29.0.tgz 2556ms (cache miss)
462 timing reifyNode:node_modules/hexo-cli/node_modules/prismjs Completed in 2612ms
463 http fetch GET 200 https://registry.npmjs.org/highlight.js/-/highlight.js-11.7.0.tgz 3147ms (cache miss)
464 timing reifyNode:node_modules/hexo-cli/node_modules/highlight.js Completed in 3205ms
465 http fetch GET 200 https://registry.npmjs.org/hexo-cli/-/hexo-cli-4.3.0.tgz 4165ms (cache miss)
466 timing reifyNode:node_modules/hexo-cli Completed in 4196ms
467 timing reify:unpack Completed in 4196ms
468 timing reify:unretire Completed in 0ms
469 timing build:queue Completed in 2ms
470 timing build:link:node_modules/hexo-cli/node_modules/which Completed in 5ms
471 timing build:link:node_modules/hexo-cli Completed in 5ms
472 timing build:link:node_modules/hexo-cli/node_modules/resolve Completed in 5ms
473 timing build:link Completed in 5ms
474 timing build:deps Completed in 8ms
475 timing build Completed in 8ms
476 timing reify:build Completed in 9ms
477 timing reify:trash Completed in 1ms
478 timing reify Completed in 17597ms
479 silly ADD node_modules/hexo-cli
480 silly ADD node_modules/hexo-cli/node_modules/isexe
481 silly ADD node_modules/hexo-cli/node_modules/is-number
482 silly ADD node_modules/hexo-cli/node_modules/has-flag
483 silly ADD node_modules/hexo-cli/node_modules/min-indent
484 silly ADD node_modules/hexo-cli/node_modules/shebang-regex
485 silly ADD node_modules/hexo-cli/node_modules/function-bind
486 silly ADD node_modules/hexo-cli/node_modules/has
487 silly ADD node_modules/hexo-cli/node_modules/supports-preserve-symlinks-flag
488 silly ADD node_modules/hexo-cli/node_modules/path-parse
489 silly ADD node_modules/hexo-cli/node_modules/is-core-module
490 silly ADD node_modules/hexo-cli/node_modules/lower-case
491 silly ADD node_modules/hexo-cli/node_modules/no-case
492 silly ADD node_modules/hexo-cli/node_modules/is-extglob
493 silly ADD node_modules/hexo-cli/node_modules/binary-extensions
494 silly ADD node_modules/hexo-cli/node_modules/dom-serializer
495 silly ADD node_modules/hexo-cli/node_modules/dom-serializer/node_modules/entities
496 silly ADD node_modules/hexo-cli/node_modules/entities
497 silly ADD node_modules/hexo-cli/node_modules/domutils
498 silly ADD node_modules/hexo-cli/node_modules/domhandler
499 silly ADD node_modules/hexo-cli/node_modules/domelementtype
500 silly ADD node_modules/hexo-cli/node_modules/which
501 silly ADD node_modules/hexo-cli/node_modules/shebang-command
502 silly ADD node_modules/hexo-cli/node_modules/path-key
503 silly ADD node_modules/hexo-cli/node_modules/tslib
504 silly ADD node_modules/hexo-cli/node_modules/pascal-case
505 silly ADD node_modules/hexo-cli/node_modules/strip-indent
506 silly ADD node_modules/hexo-cli/node_modules/prismjs
507 silly ADD node_modules/hexo-cli/node_modules/htmlparser2
508 silly ADD node_modules/hexo-cli/node_modules/highlight.js
509 silly ADD node_modules/hexo-cli/node_modules/deepmerge
510 silly ADD node_modules/hexo-cli/node_modules/cross-spawn
511 silly ADD node_modules/hexo-cli/node_modules/camel-case
512 silly ADD node_modules/hexo-cli/node_modules/to-regex-range
513 silly ADD node_modules/hexo-cli/node_modules/fill-range
514 silly ADD node_modules/hexo-cli/node_modules/picomatch
515 silly ADD node_modules/hexo-cli/node_modules/readdirp
516 silly ADD node_modules/hexo-cli/node_modules/normalize-path
517 silly ADD node_modules/hexo-cli/node_modules/is-glob
518 silly ADD node_modules/hexo-cli/node_modules/is-binary-path
519 silly ADD node_modules/hexo-cli/node_modules/glob-parent
520 silly ADD
521 silly ADD node_modules/hexo-cli/node_modules/braces
522 silly ADD node_modules/hexo-cli/node_modules/anymatch
523 silly ADD node_modules/hexo-cli/node_modules/graceful-fs
524 silly ADD node_modules/hexo-cli/node_modules/chokidar
525 silly ADD node_modules/hexo-cli/node_modules/color-name
526 silly ADD node_modules/hexo-cli/node_modules/color-convert
527 silly ADD node_modules/hexo-cli/node_modules/supports-color
528 silly ADD node_modules/hexo-cli/node_modules/ansi-styles
529 silly ADD node_modules/hexo-cli/node_modules/tildify
530 silly ADD node_modules/hexo-cli/node_modules/resolve
531 silly ADD node_modules/hexo-cli/node_modules/minimist
532 silly ADD node_modules/hexo-cli/node_modules/hexo-util
533 silly ADD node_modules/hexo-cli/node_modules/hexo-log
534 silly ADD node_modules/hexo-cli/node_modules/hexo-fs
535 silly ADD node_modules/hexo-cli/node_modules/command-exists
536 silly ADD node_modules/hexo-cli/node_modules/chalk
537 silly ADD node_modules/hexo-cli/node_modules/bluebird
538 silly ADD node_modules/hexo-cli/node_modules/abbrev
539 timing command:install Completed in 17602ms
540 verbose exit 0
541 timing npm Completed in 17648ms
542 info ok
