0 verbose cli D:\software\nodejs\node.exe D:\software\nodejs\node_modules\npm\bin\npm-cli.js
1 info using npm@9.5.0
2 info using node@v18.14.2
3 timing npm:load:whichnode Completed in 1ms
4 timing config:load:defaults Completed in 2ms
5 timing config:load:file:D:\software\nodejs\node_modules\npm\npmrc Completed in 2ms
6 timing config:load:builtin Completed in 2ms
7 timing config:load:cli Completed in 1ms
8 timing config:load:env Completed in 1ms
9 timing config:load:file:D:\Blog\.npmrc Completed in 0ms
10 timing config:load:project Completed in 1ms
11 timing config:load:file:C:\Users\Echo\.npmrc Completed in 1ms
12 timing config:load:user Completed in 1ms
13 timing config:load:file:D:\software\nodejs\node_global\etc\npmrc Completed in 0ms
14 timing config:load:global Completed in 0ms
15 timing config:load:setEnvs Completed in 1ms
16 timing config:load Completed in 10ms
17 timing npm:load:configload Completed in 10ms
18 timing npm:load:mkdirpcache Completed in 0ms
19 timing npm:load:mkdirplogs Completed in 1ms
20 verbose title npm install hexo-deployer-git
21 verbose argv "install" "hexo-deployer-git" "--save"
22 timing npm:load:setTitle Completed in 1ms
23 timing config:load:flatten Completed in 2ms
24 timing npm:load:display Completed in 3ms
25 verbose logfile logs-max:10 dir:D:\software\nodejs\node_cache\_logs\2023-02-28T07_05_39_431Z-
26 verbose logfile D:\software\nodejs\node_cache\_logs\2023-02-28T07_05_39_431Z-debug-0.log
27 timing npm:load:logFile Completed in 4ms
28 timing npm:load:timers Completed in 1ms
29 timing npm:load:configScope Completed in 0ms
30 timing npm:load Completed in 22ms
31 timing arborist:ctor Completed in 1ms
32 silly logfile start cleaning logs, removing 2 files
33 silly logfile done cleaning log files
34 timing idealTree:init Completed in 109ms
35 timing idealTree:userRequests Completed in 2ms
36 silly idealTree buildDeps
37 silly fetch manifest hexo-deployer-git@*
38 timing arborist:ctor Completed in 0ms
39 http fetch GET 200 https://registry.npmjs.org/hexo-deployer-git 1254ms (cache miss)
40 silly placeDep ROOT hexo-deployer-git@4.0.0 OK for: hexo-site@0.0.0 want: *
41 silly fetch manifest hexo-fs@^4.0.0
42 silly fetch manifest luxon@^3.0.4
43 http fetch GET 200 https://registry.npmjs.org/hexo-fs 632ms (cache revalidated)
44 http fetch GET 200 https://registry.npmjs.org/luxon 1457ms (cache miss)
45 timing idealTree:#root Completed in 2721ms
46 silly placeDep node_modules/hexo-deployer-git hexo-fs@4.1.1 OK for: hexo-deployer-git@4.0.0 want: ^4.0.0
47 silly placeDep ROOT luxon@3.2.1 OK for: hexo-deployer-git@4.0.0 want: ^3.0.4
48 timing idealTree:node_modules/hexo-deployer-git Completed in 4ms
49 timing idealTree:node_modules/luxon Completed in 0ms
50 timing idealTree:node_modules/hexo-deployer-git/node_modules/hexo-fs Completed in 0ms
51 timing idealTree:buildDeps Completed in 2725ms
52 timing idealTree:fixDepFlags Completed in 1ms
53 timing idealTree Completed in 2843ms
54 timing reify:loadTrees Completed in 2843ms
55 timing reify:diffTrees Completed in 9ms
56 silly reify moves {}
57 timing reify:retireShallow Completed in 1ms
58 timing reify:createSparse Completed in 3ms
59 timing reify:loadBundles Completed in 0ms
60 silly audit bulk request {
60 silly audit   '@tootallnate/once': [ '2.0.0' ],
60 silly audit   'a-sync-waterfall': [ '1.0.1' ],
60 silly audit   abab: [ '2.0.6' ],
60 silly audit   abbrev: [ '1.1.1' ],
60 silly audit   accepts: [ '1.3.8' ],
60 silly audit   acorn: [ '8.8.2' ],
60 silly audit   'acorn-globals': [ '7.0.1' ],
60 silly audit   'acorn-walk': [ '8.2.0' ],
60 silly audit   'agent-base': [ '6.0.2' ],
60 silly audit   debug: [ '4.3.4', '2.6.9' ],
60 silly audit   ms: [ '2.1.2', '2.0.0', '2.1.3' ],
60 silly audit   'ansi-regex': [ '5.0.1' ],
60 silly audit   'ansi-styles': [ '4.3.0' ],
60 silly audit   anymatch: [ '3.1.3' ],
60 silly audit   archy: [ '1.0.0' ],
60 silly audit   argparse: [ '2.0.1' ],
60 silly audit   asap: [ '2.0.6' ],
60 silly audit   async: [ '3.2.4' ],
60 silly audit   asynckit: [ '0.4.0' ],
60 silly audit   atob: [ '2.1.2' ],
60 silly audit   'balanced-match': [ '1.0.2' ],
60 silly audit   'basic-auth': [ '2.0.1' ],
60 silly audit   'binary-extensions': [ '2.2.0' ],
60 silly audit   bluebird: [ '3.7.2' ],
60 silly audit   'brace-expansion': [ '1.1.11', '2.0.1' ],
60 silly audit   braces: [ '3.0.2' ],
60 silly audit   bytes: [ '3.0.0' ],
60 silly audit   'camel-case': [ '4.1.2' ],
60 silly audit   chalk: [ '4.1.2' ],
60 silly audit   chokidar: [ '3.5.3' ],
60 silly audit   'color-convert': [ '2.0.1' ],
60 silly audit   'color-name': [ '1.1.4' ],
60 silly audit   'combined-stream': [ '1.0.8' ],
60 silly audit   'command-exists': [ '1.2.9' ],
60 silly audit   commander: [ '5.1.0' ],
60 silly audit   compressible: [ '2.0.18' ],
60 silly audit   compression: [ '1.7.4' ],
60 silly audit   'concat-map': [ '0.0.1' ],
60 silly audit   connect: [ '3.7.0' ],
60 silly audit   'cross-spawn': [ '7.0.3' ],
60 silly audit   css: [ '3.0.0' ],
60 silly audit   cssom: [ '0.5.0', '0.3.8' ],
60 silly audit   cssstyle: [ '2.3.0' ],
60 silly audit   cuid: [ '2.1.8' ],
60 silly audit   'data-urls': [ '3.0.2' ],
60 silly audit   'decimal.js': [ '10.4.3' ],
60 silly audit   'decode-uri-component': [ '0.2.2' ],
60 silly audit   'deep-is': [ '0.1.4' ],
60 silly audit   deepmerge: [ '4.3.0' ],
60 silly audit   'define-lazy-prop': [ '2.0.0' ],
60 silly audit   'delayed-stream': [ '1.0.0' ],
60 silly audit   depd: [ '2.0.0' ],
60 silly audit   destroy: [ '1.2.0' ],
60 silly audit   'dom-serializer': [ '1.4.1' ],
60 silly audit   entities: [ '2.2.0', '3.0.1', '4.4.0' ],
60 silly audit   domelementtype: [ '2.3.0' ],
60 silly audit   domexception: [ '4.0.0' ],
60 silly audit   domhandler: [ '4.3.1' ],
60 silly audit   dompurify: [ '2.4.4' ],
60 silly audit   domutils: [ '2.8.0' ],
60 silly audit   'ee-first': [ '1.1.1' ],
60 silly audit   ejs: [ '3.1.8' ],
60 silly audit   encodeurl: [ '1.0.2' ],
60 silly audit   'escape-html': [ '1.0.3' ],
60 silly audit   escodegen: [ '2.0.0' ],
60 silly audit   esprima: [ '4.0.1' ],
60 silly audit   estraverse: [ '5.3.0' ],
60 silly audit   esutils: [ '2.0.3' ],
60 silly audit   etag: [ '1.8.1' ],
60 silly audit   'fast-equals': [ '3.0.3' ],
60 silly audit   'fast-levenshtein': [ '2.0.6' ],
60 silly audit   filelist: [ '1.0.4' ],
60 silly audit   minimatch: [ '5.1.6', '3.1.2' ],
60 silly audit   'fill-range': [ '7.0.1' ],
60 silly audit   finalhandler: [ '1.1.2' ],
60 silly audit   'form-data': [ '4.0.0' ],
60 silly audit   fresh: [ '0.5.2' ],
60 silly audit   'fs.realpath': [ '1.0.0' ],
60 silly audit   fsevents: [ '2.3.2' ],
60 silly audit   'function-bind': [ '1.1.1' ],
60 silly audit   glob: [ '7.2.3' ],
60 silly audit   'glob-parent': [ '5.1.2' ],
60 silly audit   'graceful-fs': [ '4.2.10' ],
60 silly audit   has: [ '1.0.3' ],
60 silly audit   'has-flag': [ '4.0.0' ],
60 silly audit   hexo: [ '6.3.0' ],
60 silly audit   'hexo-cli': [ '4.3.0' ],
60 silly audit   'hexo-log': [ '2.0.0', '3.2.0' ],
60 silly audit   'hexo-front-matter': [ '3.0.0' ],
60 silly audit   'hexo-fs': [ '3.1.0', '4.1.1' ],
60 silly audit   'hexo-generator-archive': [ '2.0.0' ],
60 silly audit   'hexo-generator-category': [ '2.0.0' ],
60 silly audit   'hexo-generator-index': [ '3.0.0' ],
60 silly audit   'hexo-generator-tag': [ '2.0.0' ],
60 silly audit   'hexo-i18n': [ '1.0.0' ],
60 silly audit   'hexo-pagination': [ '3.0.0' ],
60 silly audit   'hexo-renderer-ejs': [ '2.0.0' ],
60 silly audit   'hexo-renderer-marked': [ '6.0.0' ],
60 silly audit   'hexo-renderer-stylus': [ '2.1.0' ],
60 silly audit   'hexo-server': [ '3.0.0' ],
60 silly audit   'hexo-theme-landscape': [ '0.0.3' ],
60 silly audit   'hexo-util': [ '2.7.0' ],
60 silly audit   'highlight.js': [ '11.7.0' ],
60 silly audit   'html-encoding-sniffer': [ '3.0.0' ],
60 silly audit   htmlparser2: [ '7.2.0' ],
60 silly audit   'http-errors': [ '2.0.0' ],
60 silly audit   statuses: [ '2.0.1', '1.5.0' ],
60 silly audit   'http-proxy-agent': [ '5.0.0' ],
60 silly audit   'https-proxy-agent': [ '5.0.1' ],
60 silly audit   'iconv-lite': [ '0.6.3' ],
60 silly audit   inflight: [ '1.0.6' ],
60 silly audit   inherits: [ '2.0.4' ],
60 silly audit   'is-binary-path': [ '2.1.0' ],
60 silly audit   'is-core-module': [ '2.11.0' ],
60 silly audit   'is-docker': [ '2.2.1' ],
60 silly audit   'is-extglob': [ '2.1.1' ],
60 silly audit   'is-glob': [ '4.0.3' ],
60 silly audit   'is-number': [ '7.0.0' ],
60 silly audit   'is-plain-object': [ '5.0.0' ],
60 silly audit   'is-potential-custom-element-name': [ '1.0.1' ],
60 silly audit   'is-wsl': [ '2.2.0' ],
60 silly audit   isexe: [ '2.0.0' ],
60 silly audit   jake: [ '10.8.5' ],
60 silly audit   'js-yaml': [ '4.1.0' ],
60 silly audit   'js-yaml-js-types': [ '1.0.1' ],
60 silly audit   jsdom: [ '20.0.3' ],
60 silly audit   jsonparse: [ '1.3.1' ],
60 silly audit   levn: [ '0.3.0' ],
60 silly audit   'lower-case': [ '2.0.2' ],
60 silly audit   marked: [ '4.2.12' ],
60 silly audit   'micro-memoize': [ '4.0.14' ],
60 silly audit   micromatch: [ '4.0.5' ],
60 silly audit   mime: [ '3.0.0', '1.6.0' ],
60 silly audit   'mime-db': [ '1.52.0' ],
60 silly audit   'mime-types': [ '2.1.35' ],
60 silly audit   'min-indent': [ '1.0.1' ],
60 silly audit   minimist: [ '1.2.8' ],
60 silly audit   moize: [ '6.1.5' ],
60 silly audit   moment: [ '2.29.4' ],
60 silly audit   'moment-timezone': [ '0.5.41' ],
60 silly audit   morgan: [ '1.10.0' ],
60 silly audit   negotiator: [ '0.6.3' ],
60 silly audit   nib: [ '1.2.0' ],
60 silly audit   'no-case': [ '3.0.4' ],
60 silly audit   'normalize-path': [ '3.0.0' ],
60 silly audit   nunjucks: [ '3.2.3' ],
60 silly audit   nwsapi: [ '2.2.2' ],
60 silly audit   'on-finished': [ '2.3.0', '2.4.1' ],
60 silly audit   'on-headers': [ '1.0.2' ],
60 silly audit   once: [ '1.4.0' ],
60 silly audit   open: [ '8.4.2' ],
60 silly audit   optionator: [ '0.8.3' ],
60 silly audit   parse5: [ '7.1.2' ],
60 silly audit   parseurl: [ '1.3.3' ],
60 silly audit   'pascal-case': [ '3.1.2' ],
60 silly audit   'path-is-absolute': [ '1.0.1' ],
60 silly audit   'path-key': [ '3.1.1' ],
60 silly audit   'path-parse': [ '1.0.7' ],
60 silly audit   picocolors: [ '1.0.0' ],
60 silly audit   picomatch: [ '2.3.1' ],
60 silly audit   'prelude-ls': [ '1.1.2' ],
60 silly audit   'pretty-hrtime': [ '1.0.3' ],
60 silly audit   prismjs: [ '1.29.0' ],
60 silly audit   psl: [ '1.9.0' ],
60 silly audit   punycode: [ '2.3.0' ],
60 silly audit   querystringify: [ '2.2.0' ],
60 silly audit   'range-parser': [ '1.2.1' ],
60 silly audit   'readable-stream': [ '3.6.1' ],
60 silly audit   readdirp: [ '3.6.0' ],
60 silly audit   'requires-port': [ '1.0.0' ],
60 silly audit   resolve: [ '1.22.1' ],
60 silly audit   rfdc: [ '1.3.0' ],
60 silly audit   'safe-buffer': [ '5.1.2', '5.2.1' ],
60 silly audit   'safer-buffer': [ '2.1.2' ],
60 silly audit   sax: [ '1.2.4' ],
60 silly audit   saxes: [ '6.0.0' ],
60 silly audit   send: [ '0.18.0' ],
60 silly audit   'serve-static': [ '1.15.0' ],
60 silly audit   setprototypeof: [ '1.2.0' ],
60 silly audit   'shebang-command': [ '2.0.0' ],
60 silly audit   'shebang-regex': [ '3.0.0' ],
60 silly audit   'source-map': [ '0.6.1', '0.7.4' ],
60 silly audit   'source-map-resolve': [ '0.6.0' ],
60 silly audit   'sprintf-js': [ '1.1.2' ],
60 silly audit   string_decoder: [ '1.3.0' ],
60 silly audit   'strip-ansi': [ '6.0.1' ],
60 silly audit   'strip-indent': [ '3.0.0' ],
60 silly audit   stylus: [ '0.57.0' ],
60 silly audit   'supports-color': [ '7.2.0' ],
60 silly audit   'supports-preserve-symlinks-flag': [ '1.0.0' ],
60 silly audit   'symbol-tree': [ '3.2.4' ],
60 silly audit   'text-table': [ '0.2.0' ],
60 silly audit   through2: [ '4.0.2' ],
60 silly audit   tildify: [ '2.0.0' ],
60 silly audit   titlecase: [ '1.1.3' ],
60 silly audit   'to-regex-range': [ '5.0.1' ],
60 silly audit   toidentifier: [ '1.0.1' ],
60 silly audit   'tough-cookie': [ '4.1.2' ],
60 silly audit   tr46: [ '3.0.0' ],
60 silly audit   tslib: [ '2.5.0' ],
60 silly audit   'type-check': [ '0.3.2' ],
60 silly audit   universalify: [ '0.2.0' ],
60 silly audit   unpipe: [ '1.0.0' ],
60 silly audit   'url-parse': [ '1.5.10' ],
60 silly audit   'util-deprecate': [ '1.0.2' ],
60 silly audit   'utils-merge': [ '1.0.1' ],
60 silly audit   vary: [ '1.1.2' ],
60 silly audit   'w3c-xmlserializer': [ '4.0.0' ],
60 silly audit   warehouse: [ '4.0.2' ],
60 silly audit   'webidl-conversions': [ '7.0.0' ],
60 silly audit   'whatwg-encoding': [ '2.0.0' ],
60 silly audit   'whatwg-mimetype': [ '3.0.0' ],
60 silly audit   'whatwg-url': [ '11.0.0' ],
60 silly audit   which: [ '2.0.2' ],
60 silly audit   'word-wrap': [ '1.2.3' ],
60 silly audit   wrappy: [ '1.0.2' ],
60 silly audit   ws: [ '8.12.1' ],
60 silly audit   'xml-name-validator': [ '4.0.0' ],
60 silly audit   xmlchars: [ '2.2.0' ],
60 silly audit   'hexo-deployer-git': [ '4.0.0' ],
60 silly audit   luxon: [ '3.2.1' ]
60 silly audit }
61 verbose reify failed optional dependency D:\Blog\node_modules\fsevents
62 silly reify mark deleted [ 'D:\\Blog\\node_modules\\fsevents' ]
63 timing reifyNode:node_modules/fsevents Completed in 3ms
64 silly tarball no local data for hexo-fs@https://registry.npmjs.org/hexo-fs/-/hexo-fs-4.1.1.tgz. Extracting by manifest.
65 silly tarball no local data for luxon@https://registry.npmjs.org/luxon/-/luxon-3.2.1.tgz. Extracting by manifest.
66 silly tarball no local data for hexo-deployer-git@https://registry.npmjs.org/hexo-deployer-git/-/hexo-deployer-git-4.0.0.tgz. Extracting by manifest.
67 http fetch POST 200 https://registry.npmjs.org/-/npm/v1/security/advisories/bulk 516ms
68 timing auditReport:getReport Completed in 520ms
69 silly audit report {}
70 timing auditReport:init Completed in 0ms
71 timing reify:audit Completed in 520ms
72 http fetch GET 200 https://registry.npmjs.org/hexo-deployer-git/-/hexo-deployer-git-4.0.0.tgz 1456ms (cache miss)
73 timing reifyNode:node_modules/hexo-deployer-git Completed in 1465ms
74 http fetch GET 200 https://registry.npmjs.org/hexo-fs/-/hexo-fs-4.1.1.tgz 1738ms (cache miss)
75 timing reifyNode:node_modules/hexo-deployer-git/node_modules/hexo-fs Completed in 1745ms
76 http fetch GET 200 https://registry.npmjs.org/luxon/-/luxon-3.2.1.tgz 3694ms (cache miss)
77 timing reifyNode:node_modules/luxon Completed in 3703ms
78 timing reify:unpack Completed in 3703ms
79 timing reify:unretire Completed in 0ms
80 timing build:queue Completed in 1ms
81 timing build:deps Completed in 1ms
82 timing build Completed in 1ms
83 timing reify:build Completed in 2ms
84 timing reify:trash Completed in 1ms
85 timing reify:save Completed in 33ms
86 timing reify Completed in 6621ms
87 silly ADD node_modules/luxon
88 silly ADD node_modules/hexo-deployer-git
89 silly ADD node_modules/hexo-deployer-git/node_modules/hexo-fs
90 silly ADD
91 timing command:install Completed in 6627ms
92 verbose exit 0
93 timing npm Completed in 6672ms
94 info ok
