0 verbose cli D:\software\nodejs\node.exe D:\software\nodejs\node_modules\npm\bin\npm-cli.js
1 info using npm@9.5.0
2 info using node@v18.14.2
3 timing npm:load:whichnode Completed in 1ms
4 timing config:load:defaults Completed in 2ms
5 timing config:load:file:D:\software\nodejs\node_modules\npm\npmrc Completed in 1ms
6 timing config:load:builtin Completed in 1ms
7 timing config:load:cli Completed in 2ms
8 timing config:load:env Completed in 0ms
9 timing config:load:project Completed in 2ms
10 timing config:load:file:C:\Users\Echo\.npmrc Completed in 1ms
11 timing config:load:user Completed in 1ms
12 timing config:load:file:D:\software\nodejs\node_global\etc\npmrc Completed in 0ms
13 timing config:load:global Completed in 0ms
14 timing config:load:setEnvs Completed in 1ms
15 timing config:load Completed in 9ms
16 timing npm:load:configload Completed in 9ms
17 timing npm:load:mkdirpcache Completed in 1ms
18 timing npm:load:mkdirplogs Completed in 0ms
19 verbose title npm install webpack
20 verbose argv "install" "webpack" "--global"
21 timing npm:load:setTitle Completed in 1ms
22 timing config:load:flatten Completed in 3ms
23 timing npm:load:display Completed in 3ms
24 verbose logfile logs-max:10 dir:D:\software\nodejs\node_cache\_logs\2023-02-28T06_56_20_475Z-
25 verbose logfile D:\software\nodejs\node_cache\_logs\2023-02-28T06_56_20_475Z-debug-0.log
26 timing npm:load:logFile Completed in 5ms
27 timing npm:load:timers Completed in 0ms
28 timing npm:load:configScope Completed in 0ms
29 timing npm:load Completed in 20ms
30 timing config:load:flatten Completed in 0ms
31 timing arborist:ctor Completed in 0ms
32 silly logfile done cleaning log files
33 timing idealTree:init Completed in 5ms
34 timing idealTree:userRequests Completed in 2ms
35 silly idealTree buildDeps
36 silly fetch manifest webpack@*
37 http fetch GET 200 https://registry.npmjs.org/npm 6340ms (cache miss)
38 http fetch GET 200 https://registry.npmjs.org/webpack 6319ms (cache miss)
39 silly placeDep ROOT webpack@5.75.0 OK for:  want: *
40 silly fetch manifest @types/eslint-scope@^3.7.3
41 silly fetch manifest @types/estree@^0.0.51
42 silly fetch manifest @webassemblyjs/ast@1.11.1
43 silly fetch manifest @webassemblyjs/wasm-edit@1.11.1
44 silly fetch manifest @webassemblyjs/wasm-parser@1.11.1
45 silly fetch manifest acorn@^8.7.1
46 silly fetch manifest acorn-import-assertions@^1.7.6
47 silly fetch manifest browserslist@^4.14.5
48 silly fetch manifest chrome-trace-event@^1.0.2
49 silly fetch manifest enhanced-resolve@^5.10.0
50 silly fetch manifest es-module-lexer@^0.9.0
51 silly fetch manifest eslint-scope@5.1.1
52 silly fetch manifest events@^3.2.0
53 silly fetch manifest glob-to-regexp@^0.4.1
54 silly fetch manifest graceful-fs@^4.2.9
55 silly fetch manifest json-parse-even-better-errors@^2.3.1
56 silly fetch manifest loader-runner@^4.2.0
57 silly fetch manifest mime-types@^2.1.27
58 silly fetch manifest neo-async@^2.6.2
59 silly fetch manifest schema-utils@^3.1.0
60 silly fetch manifest tapable@^2.1.1
61 silly fetch manifest terser-webpack-plugin@^5.1.3
62 silly fetch manifest watchpack@^2.4.0
63 silly fetch manifest webpack-sources@^3.2.3
64 http fetch GET 200 https://registry.npmjs.org/@types%2festree 799ms (cache miss)
65 http fetch GET 200 https://registry.npmjs.org/acorn-import-assertions 1043ms (cache miss)
66 http fetch GET 200 https://registry.npmjs.org/es-module-lexer 1158ms (cache miss)
67 http fetch GET 200 https://registry.npmjs.org/@types%2feslint-scope 1195ms (cache miss)
68 http fetch GET 200 https://registry.npmjs.org/@webassemblyjs%2fast 1254ms (cache miss)
69 http fetch GET 200 https://registry.npmjs.org/json-parse-even-better-errors 1272ms (cache miss)
70 http fetch GET 200 https://registry.npmjs.org/loader-runner 1279ms (cache miss)
71 http fetch GET 200 https://registry.npmjs.org/events 1291ms (cache miss)
72 http fetch GET 200 https://registry.npmjs.org/chrome-trace-event 1315ms (cache miss)
73 http fetch GET 200 https://registry.npmjs.org/neo-async 1445ms (cache miss)
74 http fetch GET 200 https://registry.npmjs.org/mime-types 1448ms (cache miss)
75 http fetch GET 200 https://registry.npmjs.org/graceful-fs 1501ms (cache miss)
76 http fetch GET 200 https://registry.npmjs.org/tapable 1808ms (cache miss)
77 http fetch GET 200 https://registry.npmjs.org/glob-to-regexp 1869ms (cache miss)
78 http fetch GET 200 https://registry.npmjs.org/acorn 2130ms (cache miss)
79 http fetch GET 200 https://registry.npmjs.org/watchpack 2228ms (cache miss)
80 http fetch GET 200 https://registry.npmjs.org/webpack-sources 2311ms (cache miss)
81 http fetch GET 200 https://registry.npmjs.org/@webassemblyjs%2fwasm-edit 2344ms (cache miss)
82 http fetch GET 200 https://registry.npmjs.org/@webassemblyjs%2fwasm-parser 2410ms (cache miss)
83 http fetch GET 200 https://registry.npmjs.org/terser-webpack-plugin 2500ms (cache miss)
84 http fetch GET 200 https://registry.npmjs.org/enhanced-resolve 2763ms (cache miss)
85 http fetch GET 200 https://registry.npmjs.org/schema-utils 2760ms (cache miss)
86 http fetch GET 200 https://registry.npmjs.org/eslint-scope 2959ms (cache miss)
87 http fetch GET 200 https://registry.npmjs.org/browserslist 51242ms (cache miss)
88 timing idealTree:#root Completed in 57587ms
89 silly fetch manifest webpack@^5.1.0
90 silly placeDep node_modules/webpack @types/eslint-scope@3.7.4 OK for: webpack@5.75.0 want: ^3.7.3
91 silly placeDep node_modules/webpack @types/estree@0.0.51 OK for: webpack@5.75.0 want: ^0.0.51
92 silly placeDep node_modules/webpack @webassemblyjs/ast@1.11.1 OK for: webpack@5.75.0 want: 1.11.1
93 silly placeDep node_modules/webpack @webassemblyjs/wasm-edit@1.11.1 OK for: webpack@5.75.0 want: 1.11.1
94 silly placeDep node_modules/webpack @webassemblyjs/wasm-parser@1.11.1 OK for: webpack@5.75.0 want: 1.11.1
95 silly placeDep node_modules/webpack acorn@8.8.2 OK for: webpack@5.75.0 want: ^8.7.1
96 silly placeDep node_modules/webpack acorn-import-assertions@1.8.0 OK for: webpack@5.75.0 want: ^1.7.6
97 silly placeDep node_modules/webpack browserslist@4.21.5 OK for: webpack@5.75.0 want: ^4.14.5
98 silly placeDep node_modules/webpack chrome-trace-event@1.0.3 OK for: webpack@5.75.0 want: ^1.0.2
99 silly placeDep node_modules/webpack enhanced-resolve@5.12.0 OK for: webpack@5.75.0 want: ^5.10.0
100 silly placeDep node_modules/webpack es-module-lexer@0.9.3 OK for: webpack@5.75.0 want: ^0.9.0
101 silly placeDep node_modules/webpack eslint-scope@5.1.1 OK for: webpack@5.75.0 want: 5.1.1
102 silly placeDep node_modules/webpack events@3.3.0 OK for: webpack@5.75.0 want: ^3.2.0
103 silly placeDep node_modules/webpack glob-to-regexp@0.4.1 OK for: webpack@5.75.0 want: ^0.4.1
104 silly placeDep node_modules/webpack graceful-fs@4.2.10 OK for: webpack@5.75.0 want: ^4.2.9
105 silly placeDep node_modules/webpack json-parse-even-better-errors@2.3.1 OK for: webpack@5.75.0 want: ^2.3.1
106 silly placeDep node_modules/webpack loader-runner@4.3.0 OK for: webpack@5.75.0 want: ^4.2.0
107 silly placeDep node_modules/webpack mime-types@2.1.35 OK for: webpack@5.75.0 want: ^2.1.27
108 silly placeDep node_modules/webpack neo-async@2.6.2 OK for: webpack@5.75.0 want: ^2.6.2
109 silly placeDep node_modules/webpack schema-utils@3.1.1 OK for: webpack@5.75.0 want: ^3.1.0
110 silly placeDep node_modules/webpack tapable@2.2.1 OK for: webpack@5.75.0 want: ^2.1.1
111 silly placeDep node_modules/webpack terser-webpack-plugin@5.3.6 OK for: webpack@5.75.0 want: ^5.1.3
112 silly placeDep node_modules/webpack watchpack@2.4.0 OK for: webpack@5.75.0 want: ^2.4.0
113 silly placeDep node_modules/webpack webpack-sources@3.2.3 OK for: webpack@5.75.0 want: ^3.2.3
114 silly fetch manifest @types/eslint@*
115 silly fetch manifest @webassemblyjs/helper-numbers@1.11.1
116 silly fetch manifest @webassemblyjs/helper-wasm-bytecode@1.11.1
117 silly fetch manifest @webassemblyjs/helper-buffer@1.11.1
118 silly fetch manifest @webassemblyjs/helper-wasm-section@1.11.1
119 silly fetch manifest @webassemblyjs/wasm-gen@1.11.1
120 silly fetch manifest @webassemblyjs/wasm-opt@1.11.1
121 silly fetch manifest @webassemblyjs/wast-printer@1.11.1
122 silly fetch manifest @webassemblyjs/helper-api-error@1.11.1
123 silly fetch manifest @webassemblyjs/ieee754@1.11.1
124 silly fetch manifest @webassemblyjs/leb128@1.11.1
125 silly fetch manifest @webassemblyjs/utf8@1.11.1
126 silly fetch manifest caniuse-lite@^1.0.30001449
127 silly fetch manifest electron-to-chromium@^1.4.284
128 silly fetch manifest node-releases@^2.0.8
129 silly fetch manifest update-browserslist-db@^1.0.10
130 silly fetch manifest esrecurse@^4.3.0
131 silly fetch manifest estraverse@^4.1.1
132 silly fetch manifest mime-db@1.52.0
133 silly fetch manifest @types/json-schema@^7.0.8
134 silly fetch manifest ajv@^6.12.5
135 silly fetch manifest ajv-keywords@^3.5.2
136 silly fetch manifest @jridgewell/trace-mapping@^0.3.14
137 silly fetch manifest jest-worker@^27.4.5
138 silly fetch manifest serialize-javascript@^6.0.0
139 silly fetch manifest terser@^5.14.1
140 http fetch GET 200 https://registry.npmjs.org/@webassemblyjs%2fhelper-numbers 1170ms (cache miss)
141 http fetch GET 200 https://registry.npmjs.org/@webassemblyjs%2futf8 1225ms (cache miss)
142 http fetch GET 200 https://registry.npmjs.org/@webassemblyjs%2fleb128 1279ms (cache miss)
143 http fetch GET 200 https://registry.npmjs.org/@webassemblyjs%2fhelper-api-error 1307ms (cache miss)
144 http fetch GET 200 https://registry.npmjs.org/@webassemblyjs%2fhelper-wasm-bytecode 1394ms (cache miss)
145 http fetch GET 200 https://registry.npmjs.org/@webassemblyjs%2fieee754 1401ms (cache miss)
146 http fetch GET 200 https://registry.npmjs.org/update-browserslist-db 1408ms (cache miss)
147 http fetch GET 200 https://registry.npmjs.org/@webassemblyjs%2fwasm-opt 1417ms (cache miss)
148 http fetch GET 200 https://registry.npmjs.org/@webassemblyjs%2fhelper-buffer 1453ms (cache miss)
149 http fetch GET 200 https://registry.npmjs.org/esrecurse 1461ms (cache miss)
150 http fetch GET 200 https://registry.npmjs.org/@webassemblyjs%2fhelper-wasm-section 1470ms (cache miss)
151 http fetch GET 200 https://registry.npmjs.org/@webassemblyjs%2fwast-printer 1528ms (cache miss)
152 http fetch GET 200 https://registry.npmjs.org/@webassemblyjs%2fwasm-gen 1546ms (cache miss)
153 http fetch GET 200 https://registry.npmjs.org/node-releases 1555ms (cache miss)
154 http fetch GET 200 https://registry.npmjs.org/estraverse 1603ms (cache miss)
155 http fetch GET 200 https://registry.npmjs.org/@types%2fjson-schema 1632ms (cache miss)
156 http fetch GET 200 https://registry.npmjs.org/ajv-keywords 1711ms (cache miss)
157 http fetch GET 200 https://registry.npmjs.org/serialize-javascript 1718ms (cache miss)
158 http fetch GET 200 https://registry.npmjs.org/mime-db 1724ms (cache miss)
159 http fetch GET 200 https://registry.npmjs.org/@jridgewell%2ftrace-mapping 1730ms (cache miss)
160 http fetch GET 200 https://registry.npmjs.org/jest-worker 2589ms (cache miss)
161 http fetch GET 200 https://registry.npmjs.org/terser 2611ms (cache miss)
162 http fetch GET 200 https://registry.npmjs.org/ajv 2994ms (cache miss)
